#
# A fatal error has been detected by the Java Runtime Environment:
#
#  EXCEPTION_ACCESS_VIOLATION (0xc0000005) at pc=0x00007ffc6bdfe5e7, pid=15328, tid=13900
#
# JRE version: OpenJDK Runtime Environment Microsoft-7208460 (11.0.18+10) (build 11.0.18+10-LTS)
# Java VM: OpenJDK 64-Bit Server VM Microsoft-7208460 (11.0.18+10-LTS, mixed mode, tiered, compressed oops, g1 gc, windows-amd64)
# Problematic frame:
# V  [jvm.dll+0x36e5e7]
#
# No core dump will be written. Minidumps are not enabled by default on client versions of Windows
#
# If you would like to submit a bug report, please visit:
#   https://github.com/microsoft/openjdk/issues
#

---------------  S U M M A R Y ------------

Command Line: -XX:MaxMetaspaceSize=512m --add-opens=java.base/java.util=ALL-UNNAMED --add-opens=java.base/java.lang=ALL-UNNAMED --add-opens=java.base/java.lang.invoke=ALL-UNNAMED --add-opens=java.base/java.util=ALL-UNNAMED --add-opens=java.prefs/java.util.prefs=ALL-UNNAMED --add-opens=java.prefs/java.util.prefs=ALL-UNNAMED --add-opens=java.base/java.nio.charset=ALL-UNNAMED --add-opens=java.base/java.net=ALL-UNNAMED --add-opens=java.base/java.util.concurrent.atomic=ALL-UNNAMED -Xmx2048m -Dfile.encoding=windows-1252 -Duser.country=BR -Duser.language=pt -Duser.variant org.gradle.launcher.daemon.bootstrap.GradleDaemon 7.5.1

Host: Intel(R) Core(TM) i3-1005G1 CPU @ 1.20GHz, 4 cores, 7G,  Windows 11 , 64 bit Build 22621 (10.0.22621.1635)
Time: Fri Jun  2 22:24:14 2023 Hora oficial do Brasil elapsed time: 7.336539 seconds (0d 0h 0m 7s)

---------------  T H R E A D  ---------------

Current thread (0x000002501645c800):  JavaThread "Daemon worker" [_thread_in_vm, id=13900, stack(0x000000ea79200000,0x000000ea79300000)]

Stack: [0x000000ea79200000,0x000000ea79300000],  sp=0x000000ea792fb0d0,  free space=1004k
Native frames: (J=compiled Java code, j=interpreted, Vv=VM code, C=native code)
V  [jvm.dll+0x36e5e7]
V  [jvm.dll+0x516f2d]
V  [jvm.dll+0x514bf0]
V  [jvm.dll+0x5175b2]
V  [jvm.dll+0x5165c4]
V  [jvm.dll+0x37cfa8]
V  [jvm.dll+0x37c628]
C  0x000002500001cad8

Java frames: (J=compiled Java code, j=interpreted, Vv=VM code)
j  com.google.common.math.IntMath.sqrt(ILjava/math/RoundingMode;)I+3
j  com.google.common.collect.ImmutableSet.constructUnknownDuplication(I[Ljava/lang/Object;)Lcom/google/common/collect/ImmutableSet;+6
j  com.google.common.collect.ImmutableSet.copyOf(Ljava/util/Collection;)Lcom/google/common/collect/ImmutableSet;+72
j  org.gradle.internal.snapshot.impl.DirectorySnapshotter$DefaultExcludes.<init>(Ljava/util/Collection;)V+218
j  org.gradle.internal.snapshot.impl.DirectorySnapshotter.<init>(Lorg/gradle/internal/hash/FileHasher;Lcom/google/common/collect/Interner;Ljava/util/Collection;Lorg/gradle/internal/snapshot/impl/DirectorySnapshotterStatistics$Collector;)V+20
j  org.gradle.internal.vfs.impl.DefaultFileSystemAccess.<init>(Lorg/gradle/internal/hash/FileHasher;Lcom/google/common/collect/Interner;Lorg/gradle/internal/file/Stat;Lorg/gradle/internal/vfs/VirtualFileSystem;Lorg/gradle/internal/vfs/FileSystemAccess$WriteListener;Lorg/gradle/internal/snapshot/impl/DirectorySnapshotterStatistics$Collector;[Ljava/lang/String;)V+60
j  org.gradle.internal.service.scopes.VirtualFileSystemServices$GradleUserHomeServices.createFileSystemAccess(Lorg/gradle/internal/hash/FileHasher;Lorg/gradle/internal/vfs/VirtualFileSystem;Lorg/gradle/internal/file/Stat;Lorg/gradle/api/internal/cache/StringInterner;Lorg/gradle/internal/event/ListenerManager;Lorg/gradle/api/tasks/util/internal/PatternSpecFactory;Lorg/gradle/internal/vfs/FileSystemAccess$WriteListener;Lorg/gradle/internal/snapshot/impl/DirectorySnapshotterStatistics$Collector;)Lorg/gradle/internal/vfs/FileSystemAccess;+16
v  ~StubRoutines::call_stub
j  jdk.internal.reflect.NativeMethodAccessorImpl.invoke0(Ljava/lang/reflect/Method;Ljava/lang/Object;[Ljava/lang/Object;)Ljava/lang/Object;+0 java.base@11.0.18
j  jdk.internal.reflect.NativeMethodAccessorImpl.invoke(Ljava/lang/Object;[Ljava/lang/Object;)Ljava/lang/Object;+100 java.base@11.0.18
J 1738 c1 jdk.internal.reflect.DelegatingMethodAccessorImpl.invoke(Ljava/lang/Object;[Ljava/lang/Object;)Ljava/lang/Object; java.base@11.0.18 (10 bytes) @ 0x0000025000933bbc [0x0000025000933ac0+0x00000000000000fc]
J 1737 c1 java.lang.reflect.Method.invoke(Ljava/lang/Object;[Ljava/lang/Object;)Ljava/lang/Object; java.base@11.0.18 (65 bytes) @ 0x000002500093364c [0x0000025000933320+0x000000000000032c]
j  org.gradle.internal.reflect.JavaMethod.invoke(Ljava/lang/Object;[Ljava/lang/Object;)Ljava/lang/Object;+6
j  org.gradle.internal.service.ReflectionBasedServiceMethod.invoke(Ljava/lang/Object;[Ljava/lang/Object;)Ljava/lang/Object;+6
j  org.gradle.internal.service.DefaultServiceRegistry$FactoryMethodService.invokeMethod([Ljava/lang/Object;)Ljava/lang/Object;+9
j  org.gradle.internal.service.DefaultServiceRegistry$FactoryService.createServiceInstance()Ljava/lang/Object;+7
J 1898 c1 org.gradle.internal.service.DefaultServiceRegistry$ManagedObjectServiceProvider.getInstance()Ljava/lang/Object; (47 bytes) @ 0x00000250009829c4 [0x0000025000982780+0x0000000000000244]
J 1897 c1 org.gradle.internal.service.DefaultServiceRegistry$SingletonService.get()Ljava/lang/Object; (5 bytes) @ 0x0000025000982434 [0x00000250009823c0+0x0000000000000074]
j  org.gradle.internal.service.DefaultServiceRegistry$FactoryService.assembleParameters()[Ljava/lang/Object;+44
j  org.gradle.internal.service.DefaultServiceRegistry$FactoryService.createServiceInstance()Ljava/lang/Object;+1
J 1898 c1 org.gradle.internal.service.DefaultServiceRegistry$ManagedObjectServiceProvider.getInstance()Ljava/lang/Object; (47 bytes) @ 0x00000250009829c4 [0x0000025000982780+0x0000000000000244]
J 1897 c1 org.gradle.internal.service.DefaultServiceRegistry$SingletonService.get()Ljava/lang/Object; (5 bytes) @ 0x0000025000982434 [0x00000250009823c0+0x0000000000000074]
j  org.gradle.internal.service.DefaultServiceRegistry$FactoryService.assembleParameters()[Ljava/lang/Object;+44
j  org.gradle.internal.service.DefaultServiceRegistry$FactoryService.createServiceInstance()Ljava/lang/Object;+1
J 1898 c1 org.gradle.internal.service.DefaultServiceRegistry$ManagedObjectServiceProvider.getInstance()Ljava/lang/Object; (47 bytes) @ 0x00000250009829c4 [0x0000025000982780+0x0000000000000244]
J 1897 c1 org.gradle.internal.service.DefaultServiceRegistry$SingletonService.get()Ljava/lang/Object; (5 bytes) @ 0x0000025000982434 [0x00000250009823c0+0x0000000000000074]
j  org.gradle.internal.service.DefaultServiceRegistry$FactoryService.assembleParameters()[Ljava/lang/Object;+44
j  org.gradle.internal.service.DefaultServiceRegistry$FactoryService.createServiceInstance()Ljava/lang/Object;+1
J 1898 c1 org.gradle.internal.service.DefaultServiceRegistry$ManagedObjectServiceProvider.getInstance()Ljava/lang/Object; (47 bytes) @ 0x00000250009829c4 [0x0000025000982780+0x0000000000000244]
J 1897 c1 org.gradle.internal.service.DefaultServiceRegistry$SingletonService.get()Ljava/lang/Object; (5 bytes) @ 0x0000025000982434 [0x00000250009823c0+0x0000000000000074]
j  org.gradle.internal.service.DefaultServiceRegistry$FactoryService.assembleParameters()[Ljava/lang/Object;+44
j  org.gradle.internal.service.DefaultServiceRegistry$FactoryService.createServiceInstance()Ljava/lang/Object;+1
J 1898 c1 org.gradle.internal.service.DefaultServiceRegistry$ManagedObjectServiceProvider.getInstance()Ljava/lang/Object; (47 bytes) @ 0x00000250009829c4 [0x0000025000982780+0x0000000000000244]
J 1897 c1 org.gradle.internal.service.DefaultServiceRegistry$SingletonService.get()Ljava/lang/Object; (5 bytes) @ 0x0000025000982434 [0x00000250009823c0+0x0000000000000074]
j  org.gradle.internal.service.DefaultServiceRegistry.getCollectionService(Ljava/lang/Class;Lorg/gradle/internal/service/ServiceProvider;)Lorg/gradle/internal/service/Service;+76
j  org.gradle.internal.service.DefaultServiceRegistry.getCollectionService(Ljava/lang/reflect/Type;Lorg/gradle/internal/service/ServiceProvider;)Lorg/gradle/internal/service/Service;+14
j  org.gradle.internal.service.DefaultServiceRegistry.find(Ljava/lang/reflect/Type;Lorg/gradle/internal/service/ServiceProvider;)Lorg/gradle/internal/service/Service;+77
j  org.gradle.internal.service.DefaultServiceRegistry.access$1600(Ljava/lang/reflect/Type;Lorg/gradle/internal/service/ServiceProvider;)Lorg/gradle/internal/service/Service;+2
j  org.gradle.internal.service.DefaultServiceRegistry$FactoryService.bind()V+143
J 1833 c1 org.gradle.internal.service.DefaultServiceRegistry$SingletonService.prepare()Lorg/gradle/internal/service/Service; (111 bytes) @ 0x000002500095e38c [0x000002500095da80+0x000000000000090c]
j  org.gradle.internal.service.DefaultServiceRegistry$SingletonService.getService(Ljava/lang/reflect/Type;)Lorg/gradle/internal/service/Service;+14
J 1840 c1 org.gradle.internal.service.DefaultServiceRegistry$OwnServices.getService(Ljava/lang/reflect/Type;)Lorg/gradle/internal/service/Service; (309 bytes) @ 0x0000025000962cd4 [0x0000025000960700+0x00000000000025d4]
J 1841 c1 org.gradle.internal.service.DefaultServiceRegistry$CompositeServiceProvider.getService(Ljava/lang/reflect/Type;)Lorg/gradle/internal/service/Service; (49 bytes) @ 0x000002500096480c [0x00000250009646e0+0x000000000000012c]
j  org.gradle.internal.service.DefaultServiceRegistry.find(Ljava/lang/reflect/Type;Lorg/gradle/internal/service/ServiceProvider;)Lorg/gradle/internal/service/Service;+112
j  org.gradle.internal.service.DefaultServiceRegistry.getService(Ljava/lang/reflect/Type;)Lorg/gradle/internal/service/Service;+9
j  org.gradle.internal.service.DefaultServiceRegistry.find(Ljava/lang/reflect/Type;)Ljava/lang/Object;+9
j  org.gradle.internal.service.DefaultServiceRegistry.get(Ljava/lang/reflect/Type;)Ljava/lang/Object;+2
j  org.gradle.internal.service.DefaultServiceRegistry.get(Ljava/lang/Class;)Ljava/lang/Object;+3
j  org.gradle.internal.buildtree.DefaultBuildTreeContext.execute(Lorg/gradle/internal/invocation/BuildAction;)Lorg/gradle/internal/buildtree/BuildActionRunner$Result;+54
j  org.gradle.launcher.exec.BuildTreeLifecycleBuildActionExecutor.lambda$execute$0(Lorg/gradle/internal/invocation/BuildAction;Lorg/gradle/internal/buildtree/BuildTreeContext;)Lorg/gradle/internal/buildtree/BuildActionRunner$Result;+2
j  org.gradle.launcher.exec.BuildTreeLifecycleBuildActionExecutor$$Lambda$105.apply(Ljava/lang/Object;)Ljava/lang/Object;+8
j  org.gradle.internal.buildtree.BuildTreeState.run(Ljava/util/function/Function;)Ljava/lang/Object;+5
j  org.gradle.launcher.exec.BuildTreeLifecycleBuildActionExecutor.execute(Lorg/gradle/internal/invocation/BuildAction;Lorg/gradle/internal/session/BuildSessionContext;)Lorg/gradle/internal/buildtree/BuildActionRunner$Result;+181
j  org.gradle.launcher.exec.RunAsBuildOperationBuildActionExecutor$3.call(Lorg/gradle/internal/operations/BuildOperationContext;)Lorg/gradle/internal/buildtree/BuildActionRunner$Result;+25
j  org.gradle.launcher.exec.RunAsBuildOperationBuildActionExecutor$3.call(Lorg/gradle/internal/operations/BuildOperationContext;)Ljava/lang/Object;+2
j  org.gradle.internal.operations.DefaultBuildOperationRunner$CallableBuildOperationWorker.execute(Lorg/gradle/internal/operations/CallableBuildOperation;Lorg/gradle/internal/operations/BuildOperationContext;)V+3
j  org.gradle.internal.operations.DefaultBuildOperationRunner$CallableBuildOperationWorker.execute(Lorg/gradle/internal/operations/BuildOperation;Lorg/gradle/internal/operations/BuildOperationContext;)V+6
j  org.gradle.internal.operations.DefaultBuildOperationRunner$2.execute(Lorg/gradle/internal/operations/BuildOperationDescriptor;Lorg/gradle/internal/operations/BuildOperationState;Lorg/gradle/internal/operations/BuildOperationState;Lorg/gradle/internal/operations/DefaultBuildOperationRunner$ReadableBuildOperationContext;Lorg/gradle/internal/operations/DefaultBuildOperationRunner$BuildOperationExecutionListener;)Lorg/gradle/internal/operations/BuildOperation;+22
j  org.gradle.internal.operations.DefaultBuildOperationRunner$2.execute(Lorg/gradle/internal/operations/BuildOperationDescriptor;Lorg/gradle/internal/operations/BuildOperationState;Lorg/gradle/internal/operations/BuildOperationState;Lorg/gradle/internal/operations/DefaultBuildOperationRunner$ReadableBuildOperationContext;Lorg/gradle/internal/operations/DefaultBuildOperationRunner$BuildOperationExecutionListener;)Ljava/lang/Object;+8
j  org.gradle.internal.operations.DefaultBuildOperationRunner.execute(Lorg/gradle/internal/operations/BuildOperationDescriptor$Builder;Lorg/gradle/internal/operations/BuildOperationState;Lorg/gradle/internal/operations/DefaultBuildOperationRunner$BuildOperationExecution;)Ljava/lang/Object;+141
j  org.gradle.internal.operations.DefaultBuildOperationRunner.execute(Lorg/gradle/internal/operations/BuildOperation;Lorg/gradle/internal/operations/BuildOperationWorker;Lorg/gradle/internal/operations/BuildOperationState;)V+18
j  org.gradle.internal.operations.DefaultBuildOperationRunner.call(Lorg/gradle/internal/operations/CallableBuildOperation;)Ljava/lang/Object;+16
j  org.gradle.internal.operations.DefaultBuildOperationExecutor.call(Lorg/gradle/internal/operations/CallableBuildOperation;)Ljava/lang/Object;+5
j  org.gradle.launcher.exec.RunAsBuildOperationBuildActionExecutor.execute(Lorg/gradle/internal/invocation/BuildAction;Lorg/gradle/internal/session/BuildSessionContext;)Lorg/gradle/internal/buildtree/BuildActionRunner$Result;+23
j  org.gradle.launcher.exec.RunAsWorkerThreadBuildActionExecutor.lambda$execute$0(Lorg/gradle/internal/invocation/BuildAction;Lorg/gradle/internal/session/BuildSessionContext;)Lorg/gradle/internal/buildtree/BuildActionRunner$Result;+6
j  org.gradle.launcher.exec.RunAsWorkerThreadBuildActionExecutor$$Lambda$104.create()Ljava/lang/Object;+12
j  org.gradle.internal.work.DefaultWorkerLeaseService.withLocks(Ljava/util/Collection;Lorg/gradle/internal/Factory;)Ljava/lang/Object;+28
j  org.gradle.internal.work.DefaultWorkerLeaseService.runAsWorkerThread(Lorg/gradle/internal/Factory;)Ljava/lang/Object;+33
j  org.gradle.launcher.exec.RunAsWorkerThreadBuildActionExecutor.execute(Lorg/gradle/internal/invocation/BuildAction;Lorg/gradle/internal/session/BuildSessionContext;)Lorg/gradle/internal/buildtree/BuildActionRunner$Result;+12
j  org.gradle.tooling.internal.provider.continuous.ContinuousBuildActionExecutor.execute(Lorg/gradle/internal/invocation/BuildAction;Lorg/gradle/internal/session/BuildSessionContext;)Lorg/gradle/internal/buildtree/BuildActionRunner$Result;+58
j  org.gradle.tooling.internal.provider.SubscribableBuildActionExecutor.execute(Lorg/gradle/internal/invocation/BuildAction;Lorg/gradle/internal/session/BuildSessionContext;)Lorg/gradle/internal/buildtree/BuildActionRunner$Result;+30
j  org.gradle.internal.session.DefaultBuildSessionContext.execute(Lorg/gradle/internal/invocation/BuildAction;)Lorg/gradle/internal/buildtree/BuildActionRunner$Result;+64
j  org.gradle.tooling.internal.provider.BuildSessionLifecycleBuildActionExecuter$ActionImpl.apply(Lorg/gradle/internal/session/BuildSessionContext;)Lorg/gradle/launcher/exec/BuildActionResult;+6
j  org.gradle.tooling.internal.provider.BuildSessionLifecycleBuildActionExecuter$ActionImpl.apply(Ljava/lang/Object;)Ljava/lang/Object;+5
j  org.gradle.internal.session.BuildSessionState.run(Ljava/util/function/Function;)Ljava/lang/Object;+5
j  org.gradle.tooling.internal.provider.BuildSessionLifecycleBuildActionExecuter.execute(Lorg/gradle/internal/invocation/BuildAction;Lorg/gradle/launcher/exec/BuildActionParameters;Lorg/gradle/initialization/BuildRequestContext;)Lorg/gradle/launcher/exec/BuildActionResult;+95
j  org.gradle.tooling.internal.provider.BuildSessionLifecycleBuildActionExecuter.execute(Lorg/gradle/internal/invocation/BuildAction;Ljava/lang/Object;Ljava/lang/Object;)Lorg/gradle/launcher/exec/BuildActionResult;+10
j  org.gradle.tooling.internal.provider.StartParamsValidatingActionExecuter.execute(Lorg/gradle/internal/invocation/BuildAction;Lorg/gradle/launcher/exec/BuildActionParameters;Lorg/gradle/initialization/BuildRequestContext;)Lorg/gradle/launcher/exec/BuildActionResult;+177
j  org.gradle.tooling.internal.provider.StartParamsValidatingActionExecuter.execute(Lorg/gradle/internal/invocation/BuildAction;Ljava/lang/Object;Ljava/lang/Object;)Lorg/gradle/launcher/exec/BuildActionResult;+10
j  org.gradle.tooling.internal.provider.SessionFailureReportingActionExecuter.execute(Lorg/gradle/internal/invocation/BuildAction;Lorg/gradle/launcher/exec/BuildActionParameters;Lorg/gradle/initialization/BuildRequestContext;)Lorg/gradle/launcher/exec/BuildActionResult;+7
j  org.gradle.tooling.internal.provider.SessionFailureReportingActionExecuter.execute(Lorg/gradle/internal/invocation/BuildAction;Ljava/lang/Object;Ljava/lang/Object;)Lorg/gradle/launcher/exec/BuildActionResult;+10
j  org.gradle.tooling.internal.provider.SetupLoggingActionExecuter.execute(Lorg/gradle/internal/invocation/BuildAction;Lorg/gradle/launcher/exec/BuildActionParameters;Lorg/gradle/initialization/BuildRequestContext;)Lorg/gradle/launcher/exec/BuildActionResult;+50
j  org.gradle.tooling.internal.provider.SetupLoggingActionExecuter.execute(Lorg/gradle/internal/invocation/BuildAction;Ljava/lang/Object;Ljava/lang/Object;)Lorg/gradle/launcher/exec/BuildActionResult;+10
j  org.gradle.launcher.daemon.server.exec.ExecuteBuild.doBuild(Lorg/gradle/launcher/daemon/server/api/DaemonCommandExecution;Lorg/gradle/launcher/daemon/protocol/Build;)V+117
j  org.gradle.launcher.daemon.server.exec.BuildCommandOnly.execute(Lorg/gradle/launcher/daemon/server/api/DaemonCommandExecution;)V+49
j  org.gradle.launcher.daemon.server.api.DaemonCommandExecution.proceed()Z+23
j  org.gradle.launcher.daemon.server.exec.WatchForDisconnection.execute(Lorg/gradle/launcher/daemon/server/api/DaemonCommandExecution;)V+19
j  org.gradle.launcher.daemon.server.api.DaemonCommandExecution.proceed()Z+23
j  org.gradle.launcher.daemon.server.exec.ResetDeprecationLogger.execute(Lorg/gradle/launcher/daemon/server/api/DaemonCommandExecution;)V+7
j  org.gradle.launcher.daemon.server.api.DaemonCommandExecution.proceed()Z+23
j  org.gradle.launcher.daemon.server.exec.RequestStopIfSingleUsedDaemon.execute(Lorg/gradle/launcher/daemon/server/api/DaemonCommandExecution;)V+33
j  org.gradle.launcher.daemon.server.api.DaemonCommandExecution.proceed()Z+23
j  org.gradle.launcher.daemon.server.exec.ForwardClientInput$2.create()Ljava/lang/Void;+4
j  org.gradle.launcher.daemon.server.exec.ForwardClientInput$2.create()Ljava/lang/Object;+1
j  org.gradle.util.internal.Swapper.swap(Ljava/lang/Object;Lorg/gradle/internal/Factory;)Ljava/lang/Object;+21
j  org.gradle.launcher.daemon.server.exec.ForwardClientInput.execute(Lorg/gradle/launcher/daemon/server/api/DaemonCommandExecution;)V+63
j  org.gradle.launcher.daemon.server.api.DaemonCommandExecution.proceed()Z+23
j  org.gradle.launcher.daemon.server.exec.LogAndCheckHealth.execute(Lorg/gradle/launcher/daemon/server/api/DaemonCommandExecution;)V+28
j  org.gradle.launcher.daemon.server.api.DaemonCommandExecution.proceed()Z+23
j  org.gradle.launcher.daemon.server.exec.LogToClient.doBuild(Lorg/gradle/launcher/daemon/server/api/DaemonCommandExecution;Lorg/gradle/launcher/daemon/protocol/Build;)V+87
j  org.gradle.launcher.daemon.server.exec.BuildCommandOnly.execute(Lorg/gradle/launcher/daemon/server/api/DaemonCommandExecution;)V+49
j  org.gradle.launcher.daemon.server.api.DaemonCommandExecution.proceed()Z+23
j  org.gradle.launcher.daemon.server.exec.EstablishBuildEnvironment.doBuild(Lorg/gradle/launcher/daemon/server/api/DaemonCommandExecution;Lorg/gradle/launcher/daemon/protocol/Build;)V+356
j  org.gradle.launcher.daemon.server.exec.BuildCommandOnly.execute(Lorg/gradle/launcher/daemon/server/api/DaemonCommandExecution;)V+49
j  org.gradle.launcher.daemon.server.api.DaemonCommandExecution.proceed()Z+23
j  org.gradle.launcher.daemon.server.exec.StartBuildOrRespondWithBusy$1.run()V+44
j  org.gradle.launcher.daemon.server.DaemonStateCoordinator$1.run()V+4
j  org.gradle.internal.concurrent.ExecutorPolicy$CatchAndRecordFailures.onExecute(Ljava/lang/Runnable;)V+1
j  org.gradle.internal.concurrent.ManagedExecutorImpl$1.run()V+25
j  java.util.concurrent.ThreadPoolExecutor.runWorker(Ljava/util/concurrent/ThreadPoolExecutor$Worker;)V+92 java.base@11.0.18
j  java.util.concurrent.ThreadPoolExecutor$Worker.run()V+5 java.base@11.0.18
j  java.lang.Thread.run()V+11 java.base@11.0.18
v  ~StubRoutines::call_stub

siginfo: EXCEPTION_ACCESS_VIOLATION (0xc0000005), reading address 0x0000025116155de0


Register to memory mapping:

RIP=0x00007ffc6bdfe5e7 jvm.dll
RAX=0x0000025116155dd8 is an unknown value
RBX={method} {0x0000025016155c28} 'checkPositive' '(Ljava/lang/String;J)J' in 'com/google/common/math/MathPreconditions'
RCX=0x0000025016155b80 is pointing into metadata
RDX=0x0000000000000006 is an unknown value
RSP=0x000000ea792fb0d0 is pointing into the stack for thread: 0x000002501645c800
RBP=0x0000000000000001 is an unknown value
RSI=0x0000025015157d70 points into unknown readable memory: 0x68638d4200020010 | 10 00 02 00 42 8d 63 68
RDI=0x0000000000000004 is an unknown value
R8 =0x0000000000000006 is an unknown value
R9 =0x00000250161555c8 is pointing into metadata
R10=0x0000025016155a30 is pointing into metadata
R11={method} {0x0000025016155e78} 
[error occurred during error reporting (printing register info), id 0xc0000005, EXCEPTION_ACCESS_VIOLATION (0xc0000005) at pc=0x00007ffc6c07048a]

Registers:
RAX=0x0000025116155dd8, RBX=0x0000025016155c20, RCX=0x0000025016155b80, RDX=0x0000000000000006
RSP=0x000000ea792fb0d0, RBP=0x0000000000000001, RSI=0x0000025015157d70, RDI=0x0000000000000004
R8 =0x0000000000000006, R9 =0x00000250161555c8, R10=0x0000025016155a30, R11=0x0000025016155e70
R12=0x000002507e826218, R13=0x00000250161559f8, R14=0x0000000000000000, R15=0x000000000000000c
RIP=0x00007ffc6bdfe5e7, EFLAGS=0x0000000000010216

Top of Stack: (sp=0x000000ea792fb0d0)
0x000000ea792fb0d0:   0000000100120478 000000ea792fb2c0
0x000000ea792fb0e0:   000002507e826218 0000025015157d70
0x000000ea792fb0f0:   000000ea792fb4a0 00007ffc6bfa6f2d
0x000000ea792fb100:   0000000100120478 0000000000000000
0x000000ea792fb110:   000000ea792fb200 000002501645c800
0x000000ea792fb120:   00000e2f00000000 00007ffc6c18df0d
0x000000ea792fb130:   00007ffc6ba90000 0000000100120270
0x000000ea792fb140:   000000ea792fb520 00007ffc6bdd62ea
0x000000ea792fb150:   000000ea792fb340 000002501645c800
0x000000ea792fb160:   000002501645c800 000000ea792fb280
0x000000ea792fb170:   0000000000000000 00007ffc6bfa71e8
0x000000ea792fb180:   0000025016153988 000002501645c800
0x000000ea792fb190:   000000ea792fb280 000002501645c800
0x000000ea792fb1a0:   000002501645c800 00007ffc6bfa3e94
0x000000ea792fb1b0:   0000025016153988 0000025016153988
0x000000ea792fb1c0:   000002501645c800 0000000000000000 

Instructions: (pc=0x00007ffc6bdfe5e7)
0x00007ffc6bdfe4e7:   30 48 85 c0 0f 85 6f ff ff ff 33 c0 48 8b 5c 24
0x00007ffc6bdfe4f7:   38 48 8b 6c 24 40 48 8b 74 24 48 41 5f 41 5e 41
0x00007ffc6bdfe507:   5d 41 5c 5f c3 83 fa ff 74 bd 41 0f b7 43 2c 4c
0x00007ffc6bdfe517:   39 64 c3 40 75 2a 83 fd 01 75 0d 41 0f b6 43 24
0x00007ffc6bdfe527:   c0 e8 06 40 84 c5 75 18 41 83 fe 01 0f 85 04 01
0x00007ffc6bdfe537:   00 00 8b 47 20 d1 e8 41 84 c6 0f 84 f6 00 00 00
0x00007ffc6bdfe547:   44 8d 5a ff 4d 63 c3 45 85 db 78 69 4e 8d 14 c5
0x00007ffc6bdfe557:   08 00 00 00 4d 03 d5 66 90 49 8b 1a 49 8b f8 48
0x00007ffc6bdfe567:   8b 4b 08 4c 8b 49 08 0f b7 41 2a 49 39 74 c1 40
0x00007ffc6bdfe577:   75 43 0f b7 41 2c 4d 39 64 c1 40 75 29 83 fd 01
0x00007ffc6bdfe587:   75 0c 0f b6 41 24 c0 e8 06 40 84 c5 75 18 41 83
0x00007ffc6bdfe597:   fe 01 0f 85 9b 00 00 00 8b 43 20 d1 e8 41 84 c6
0x00007ffc6bdfe5a7:   0f 84 8d 00 00 00 41 ff cb 49 ff c8 49 83 ea 08
0x00007ffc6bdfe5b7:   48 85 ff 7f a4 ff c2 4c 63 c2 4d 3b c7 0f 8d 04
0x00007ffc6bdfe5c7:   ff ff ff 4e 8d 14 c5 08 00 00 00 4d 03 d5 66 66
0x00007ffc6bdfe5d7:   66 0f 1f 84 00 00 00 00 00 4d 8b 1a 49 8b 43 08
0x00007ffc6bdfe5e7:   4c 8b 48 08 0f b7 48 2a 49 39 74 c9 40 0f 85 d4
0x00007ffc6bdfe5f7:   fe ff ff 0f b7 48 2c 4d 39 64 c9 40 75 22 83 fd
0x00007ffc6bdfe607:   01 75 0c 0f b6 48 24 c0 e9 06 40 84 cd 75 11 41
0x00007ffc6bdfe617:   83 fe 01 75 21 41 8b 43 20 d1 e8 41 84 c6 74 16
0x00007ffc6bdfe627:   ff c2 49 ff c0 49 83 c2 08 4d 3b c7 7c ab e9 94
0x00007ffc6bdfe637:   fe ff ff 41 8b d3 85 d2 0f 88 89 fe ff ff 48 63
0x00007ffc6bdfe647:   c2 49 8b 44 c5 08 e9 7e fe ff ff cc cc cc cc cc
0x00007ffc6bdfe657:   cc cc cc cc cc cc cc cc cc 48 8b c4 48 83 ec 68
0x00007ffc6bdfe667:   48 89 58 08 48 8b da 48 89 68 10 48 89 70 18 48
0x00007ffc6bdfe677:   89 78 f8 48 8b f9 4c 89 70 e0 4c 89 78 d8 e8 96
0x00007ffc6bdfe687:   a5 18 00 48 8b 8f 98 00 00 00 48 8b d7 e8 e7 c2
0x00007ffc6bdfe697:   e6 ff 84 c0 75 24 4c 8d 0d 14 31 56 00 ba cc 0d
0x00007ffc6bdfe6a7:   00 00 4c 8d 05 38 31 56 00 48 8d 0d 49 25 56 00
0x00007ffc6bdfe6b7:   e8 84 1a ee ff e8 ef 59 2b 00 80 bf 8a 01 00 00
0x00007ffc6bdfe6c7:   02 72 1b 48 8d 54 24 30 48 8b cf e8 a9 a6 18 00
0x00007ffc6bdfe6d7:   48 8b c8 45 33 c0 48 8b d3 e8 ab d7 18 00 48 8b 


Stack slot to memory mapping:
stack at sp + 0 slots: 0x0000000100120478 is a pointer to class: 
com.google.common.math.MathPreconditions {0x0000000100120480}
 - instance size:     2
 - klass size:        65
 - access:            final synchronized 
 - state:             fully_initialized
 - name:              'com/google/common/math/MathPreconditions'
 - super:             'java/lang/Object'
 - sub:               
 - arrays:            NULL
 - methods:           Array<T>(0x00000250161559f8)
 - method ordering:   Array<T>(0x000002507e9c0058)
 - default_methods:   Array<T>(0x0000000000000000)
 - local interfaces:  Array<T>(0x000002507e9c00a0)
 - trans. interfaces: Array<T>(0x000002507e9c00a0)
 - constants:         constant pool [115] {0x00000250161555d0} for 'com/google/common/math/MathPreconditions' cache=0x0000025016156758
 - class loader data:  loader data: 0x000002507f6bf600 for instance a 'org/gradle/internal/classloader/VisitableURLClassLoader'{0x00000000804bfc00}
 - host class:        NULL
 - source file:       'MathPreconditions.java'
 - class annotations:       Array<T>(0x0000000000000000)
 - class type annotations:  Array<T>(0x0000000000000000)
 - field annotations:       Array<T>(0x0000000000000000)
 - field type annotations:  Array<T>(0x0000000000000000)
 - inner classes:     Array<T>(0x000002507e9c0070)
 - nest members:     Array<T>(0x000002507e9c0070)
 - java mirror:       a 'java/lang/Class'{0x0000000080f36238} = 'com/google/common/math/MathPreconditions'
 - vtable length      5  (start addr: 0x0000000100120648)
 - itable length      2 (start addr: 0x0000000100120670)
 - ---- static fields (0 words):
 - ---- non-static fields (0 words):
 - non-static oop maps: 
stack at sp + 1 slots: 0x000000ea792fb2c0 is pointing into the stack for thread: 0x000002501645c800
stack at sp + 2 slots: 0x000002507e826218 points into unknown readable memory: 0x4c2808b9ffff0016 | 16 00 ff ff b9 08 28 4c
stack at sp + 3 slots: 0x0000025015157d70 points into unknown readable memory: 0x68638d4200020010 | 10 00 02 00 42 8d 63 68
stack at sp + 4 slots: 0x000000ea792fb4a0 is pointing into the stack for thread: 0x000002501645c800
stack at sp + 5 slots: 0x00007ffc6bfa6f2d jvm.dll
stack at sp + 6 slots: 0x0000000100120478 is a pointer to class: 
com.google.common.math.MathPreconditions {0x0000000100120480}
 - instance size:     2
 - klass size:        65
 - access:            final synchronized 
 - state:             fully_initialized
 - name:              'com/google/common/math/MathPreconditions'
 - super:             'java/lang/Object'
 - sub:               
 - arrays:            NULL
 - methods:           Array<T>(0x00000250161559f8)
 - method ordering:   Array<T>(0x000002507e9c0058)
 - default_methods:   Array<T>(0x0000000000000000)
 - local interfaces:  Array<T>(0x000002507e9c00a0)
 - trans. interfaces: Array<T>(0x000002507e9c00a0)
 - constants:         constant pool [115] {0x00000250161555d0} for 'com/google/common/math/MathPreconditions' cache=0x0000025016156758
 - class loader data:  loader data: 0x000002507f6bf600 for instance a 'org/gradle/internal/classloader/VisitableURLClassLoader'{0x00000000804bfc00}
 - host class:        NULL
 - source file:       'MathPreconditions.java'
 - class annotations:       Array<T>(0x0000000000000000)
 - class type annotations:  Array<T>(0x0000000000000000)
 - field annotations:       Array<T>(0x0000000000000000)
 - field type annotations:  Array<T>(0x0000000000000000)
 - inner classes:     Array<T>(0x000002507e9c0070)
 - nest members:     Array<T>(0x000002507e9c0070)
 - java mirror:       a 'java/lang/Class'{0x0000000080f36238} = 'com/google/common/math/MathPreconditions'
 - vtable length      5  (start addr: 0x0000000100120648)
 - itable length      2 (start addr: 0x0000000100120670)
 - ---- static fields (0 words):
 - ---- non-static fields (0 words):
 - non-static oop maps: 
stack at sp + 7 slots: 0x0 is NULL


---------------  P R O C E S S  ---------------

Threads class SMR info:
_java_thread_list=0x00000250154d72a0, length=24, elements={
0x0000025075120800, 0x000002507e972800, 0x000002507e960000, 0x000002507e980800,
0x000002507e983800, 0x000002507e984800, 0x000002507e986000, 0x000002507e98b800,
0x000002507e9a3000, 0x000002507f478000, 0x0000025016607000, 0x0000025015edb000,
0x0000025016499800, 0x000002501502b800, 0x00000250177f9800, 0x000002507f82a800,
0x000002501645c800, 0x0000025015fb3000, 0x000002501645d800, 0x0000025015833000,
0x00000250164fc800, 0x00000250164fb000, 0x0000025016500000, 0x00000250164ff000
}

Java Threads: ( => current thread )
  0x0000025075120800 JavaThread "main" [_thread_blocked, id=13996, stack(0x000000ea77a00000,0x000000ea77b00000)]
  0x000002507e972800 JavaThread "Reference Handler" daemon [_thread_blocked, id=14656, stack(0x000000ea78100000,0x000000ea78200000)]
  0x000002507e960000 JavaThread "Finalizer" daemon [_thread_blocked, id=14652, stack(0x000000ea78200000,0x000000ea78300000)]
  0x000002507e980800 JavaThread "Signal Dispatcher" daemon [_thread_blocked, id=14672, stack(0x000000ea78300000,0x000000ea78400000)]
  0x000002507e983800 JavaThread "Attach Listener" daemon [_thread_blocked, id=14664, stack(0x000000ea78400000,0x000000ea78500000)]
  0x000002507e984800 JavaThread "Service Thread" daemon [_thread_blocked, id=7540, stack(0x000000ea78500000,0x000000ea78600000)]
  0x000002507e986000 JavaThread "C2 CompilerThread0" daemon [_thread_blocked, id=14540, stack(0x000000ea78600000,0x000000ea78700000)]
  0x000002507e98b800 JavaThread "C1 CompilerThread0" daemon [_thread_blocked, id=4996, stack(0x000000ea78700000,0x000000ea78800000)]
  0x000002507e9a3000 JavaThread "Sweeper thread" daemon [_thread_blocked, id=6496, stack(0x000000ea78800000,0x000000ea78900000)]
  0x000002507f478000 JavaThread "Common-Cleaner" daemon [_thread_blocked, id=14616, stack(0x000000ea78900000,0x000000ea78a00000)]
  0x0000025016607000 JavaThread "Daemon health stats" [_thread_blocked, id=14468, stack(0x000000ea78d00000,0x000000ea78e00000)]
  0x0000025015edb000 JavaThread "Incoming local TCP Connector on port 50469" [_thread_in_native, id=13716, stack(0x000000ea78c00000,0x000000ea78d00000)]
  0x0000025016499800 JavaThread "Daemon periodic checks" [_thread_blocked, id=12180, stack(0x000000ea78e00000,0x000000ea78f00000)]
  0x000002501502b800 JavaThread "Daemon" [_thread_blocked, id=13584, stack(0x000000ea78f00000,0x000000ea79000000)]
  0x00000250177f9800 JavaThread "Handler for socket connection from /127.0.0.1:50469 to /127.0.0.1:50470" [_thread_in_native, id=14084, stack(0x000000ea79000000,0x000000ea79100000)]
  0x000002507f82a800 JavaThread "Cancel handler" [_thread_blocked, id=13872, stack(0x000000ea79100000,0x000000ea79200000)]
=>0x000002501645c800 JavaThread "Daemon worker" [_thread_in_vm, id=13900, stack(0x000000ea79200000,0x000000ea79300000)]
  0x0000025015fb3000 JavaThread "Asynchronous log dispatcher for DefaultDaemonConnection: socket connection from /127.0.0.1:50469 to /127.0.0.1:50470" [_thread_blocked, id=13508, stack(0x000000ea79300000,0x000000ea79400000)]
  0x000002501645d800 JavaThread "Stdin handler" [_thread_blocked, id=13636, stack(0x000000ea79400000,0x000000ea79500000)]
  0x0000025015833000 JavaThread "Daemon client event forwarder" [_thread_blocked, id=14028, stack(0x000000ea79500000,0x000000ea79600000)]
  0x00000250164fc800 JavaThread "Cache worker for journal cache (C:\Users\roner\.gradle\caches\journal-1)" [_thread_blocked, id=13404, stack(0x000000ea79800000,0x000000ea79900000)]
  0x00000250164fb000 JavaThread "File lock request listener" [_thread_in_native, id=13364, stack(0x000000ea79900000,0x000000ea79a00000)]
  0x0000025016500000 JavaThread "File lock release action executor" [_thread_blocked, id=5652, stack(0x000000ea79a00000,0x000000ea79b00000)]
  0x00000250164ff000 JavaThread "Cache worker for file hash cache (C:\Users\roner\.gradle\caches\7.5.1\fileHashes)" [_thread_blocked, id=6580, stack(0x000000ea79b00000,0x000000ea79c00000)]

Other Threads:
  0x000002507e95f000 VMThread "VM Thread" [stack: 0x000000ea78000000,0x000000ea78100000] [id=14660]
  0x000002507f497800 WatcherThread [stack: 0x000000ea78a00000,0x000000ea78b00000] [id=14748]
  0x0000025075139800 GCTaskThread "GC Thread#0" [stack: 0x000000ea77b00000,0x000000ea77c00000] [id=10156]
  0x000002507f6de800 GCTaskThread "GC Thread#1" [stack: 0x000000ea78b00000,0x000000ea78c00000] [id=5628]
  0x000002507f48f800 GCTaskThread "GC Thread#2" [stack: 0x000000ea79600000,0x000000ea79700000] [id=13840]
  0x00000250164b6000 GCTaskThread "GC Thread#3" [stack: 0x000000ea79700000,0x000000ea79800000] [id=13808]
  0x000002507516c000 ConcurrentGCThread "G1 Main Marker" [stack: 0x000000ea77c00000,0x000000ea77d00000] [id=7052]
  0x000002507516d000 ConcurrentGCThread "G1 Conc#0" [stack: 0x000000ea77d00000,0x000000ea77e00000] [id=8128]
  0x000002507e7d0800 ConcurrentGCThread "G1 Refine#0" [stack: 0x000000ea77e00000,0x000000ea77f00000] [id=13212]
  0x000002507e7d1000 ConcurrentGCThread "G1 Young RemSet Sampling" [stack: 0x000000ea77f00000,0x000000ea78000000] [id=14480]

Threads with active compile tasks:

VM state:synchronizing (normal execution)

VM Mutex/Monitor currently owned by a thread:  ([mutex/lock_event])
[0x000002507511c950] Threads_lock - owner thread: 0x000002507e95f000
[0x000002507511dd00] Heap_lock - owner thread: 0x000002507516c000

Heap address: 0x0000000080000000, size: 2048 MB, Compressed Oops mode: 32-bit
Narrow klass base: 0x0000000000000000, Narrow klass shift: 3
Compressed class space size: 528482304 Address: 0x0000000100000000

Heap:
 garbage-first heap   total 126976K, used 17411K [0x0000000080000000, 0x0000000100000000)
  region size 1024K, 3 young (3072K), 2 survivors (2048K)
 Metaspace       used 20801K, capacity 21362K, committed 21552K, reserved 536576K
  class space    used 2496K, capacity 2664K, committed 2688K, reserved 516096K
Heap Regions: E=young(eden), S=young(survivor), O=old, HS=humongous(starts), HC=humongous(continues), CS=collection set, F=free, A=archive, TAMS=top-at-mark-start (previous, next)
|   0|0x0000000080000000, 0x0000000080100000, 0x0000000080100000|100%|HS|  |TAMS 0x0000000080100000, 0x0000000080000000| Complete 
|   1|0x0000000080100000, 0x0000000080200000, 0x0000000080200000|100%|HC|  |TAMS 0x0000000080200000, 0x0000000080100000| Complete 
|   2|0x0000000080200000, 0x0000000080300000, 0x0000000080300000|100%|HC|  |TAMS 0x0000000080300000, 0x0000000080200000| Complete 
|   3|0x0000000080300000, 0x0000000080400000, 0x0000000080400000|100%| O|  |TAMS 0x0000000080400000, 0x0000000080300000| Updating 
|   4|0x0000000080400000, 0x0000000080500000, 0x0000000080500000|100%| O|  |TAMS 0x0000000080500000, 0x0000000080400000| Updating 
|   5|0x0000000080500000, 0x0000000080600000, 0x0000000080600000|100%| O|  |TAMS 0x0000000080600000, 0x0000000080500000| Updating 
|   6|0x0000000080600000, 0x0000000080700000, 0x0000000080700000|100%| O|  |TAMS 0x0000000080700000, 0x0000000080600000| Updating 
|   7|0x0000000080700000, 0x0000000080800000, 0x0000000080800000|100%| O|  |TAMS 0x0000000080800000, 0x0000000080700000| Updating 
|   8|0x0000000080800000, 0x0000000080900000, 0x0000000080900000|100%| O|  |TAMS 0x0000000080900000, 0x0000000080800000| Updating 
|   9|0x0000000080900000, 0x0000000080a00000, 0x0000000080a00000|100%| O|  |TAMS 0x0000000080a00000, 0x0000000080900000| Updating 
|  10|0x0000000080a00000, 0x0000000080b00000, 0x0000000080b00000|100%| O|  |TAMS 0x0000000080b00000, 0x0000000080a00000| Updating 
|  11|0x0000000080b00000, 0x0000000080c00000, 0x0000000080c00000|100%| O|  |TAMS 0x0000000080c00000, 0x0000000080b00000| Updating 
|  12|0x0000000080c00000, 0x0000000080d00000, 0x0000000080d00000|100%| O|  |TAMS 0x0000000080d00000, 0x0000000080c00000| Updating 
|  13|0x0000000080d00000, 0x0000000080e00000, 0x0000000080e00000|100%| O|  |TAMS 0x0000000080e00000, 0x0000000080d00000| Updating 
|  14|0x0000000080e00000, 0x0000000080f00000, 0x0000000080f00000|100%| O|  |TAMS 0x0000000080f00000, 0x0000000080e00000| Updating 
|  15|0x0000000080f00000, 0x0000000080fd9e00, 0x0000000081000000| 85%| O|  |TAMS 0x0000000080fd9e00, 0x0000000080f00000| Updating 
|  16|0x0000000081000000, 0x0000000081000000, 0x0000000081100000|  0%| F|  |TAMS 0x0000000081000000, 0x0000000081000000| Untracked 
|  17|0x0000000081100000, 0x0000000081100000, 0x0000000081200000|  0%| F|  |TAMS 0x0000000081100000, 0x0000000081100000| Untracked 
|  18|0x0000000081200000, 0x0000000081200000, 0x0000000081300000|  0%| F|  |TAMS 0x0000000081200000, 0x0000000081200000| Untracked 
|  19|0x0000000081300000, 0x0000000081300000, 0x0000000081400000|  0%| F|  |TAMS 0x0000000081300000, 0x0000000081300000| Untracked 
|  20|0x0000000081400000, 0x0000000081400000, 0x0000000081500000|  0%| F|  |TAMS 0x0000000081400000, 0x0000000081400000| Untracked 
|  21|0x0000000081500000, 0x0000000081500000, 0x0000000081600000|  0%| F|  |TAMS 0x0000000081500000, 0x0000000081500000| Untracked 
|  22|0x0000000081600000, 0x0000000081600000, 0x0000000081700000|  0%| F|  |TAMS 0x0000000081600000, 0x0000000081600000| Untracked 
|  23|0x0000000081700000, 0x0000000081700000, 0x0000000081800000|  0%| F|  |TAMS 0x0000000081700000, 0x0000000081700000| Untracked 
|  24|0x0000000081800000, 0x0000000081800000, 0x0000000081900000|  0%| F|  |TAMS 0x0000000081800000, 0x0000000081800000| Untracked 
|  25|0x0000000081900000, 0x0000000081900000, 0x0000000081a00000|  0%| F|  |TAMS 0x0000000081900000, 0x0000000081900000| Untracked 
|  26|0x0000000081a00000, 0x0000000081a00000, 0x0000000081b00000|  0%| F|  |TAMS 0x0000000081a00000, 0x0000000081a00000| Untracked 
|  27|0x0000000081b00000, 0x0000000081b00000, 0x0000000081c00000|  0%| F|  |TAMS 0x0000000081b00000, 0x0000000081b00000| Untracked 
|  28|0x0000000081c00000, 0x0000000081c00000, 0x0000000081d00000|  0%| F|  |TAMS 0x0000000081c00000, 0x0000000081c00000| Untracked 
|  29|0x0000000081d00000, 0x0000000081d00000, 0x0000000081e00000|  0%| F|  |TAMS 0x0000000081d00000, 0x0000000081d00000| Untracked 
|  30|0x0000000081e00000, 0x0000000081e00000, 0x0000000081f00000|  0%| F|  |TAMS 0x0000000081e00000, 0x0000000081e00000| Untracked 
|  31|0x0000000081f00000, 0x0000000081f00000, 0x0000000082000000|  0%| F|  |TAMS 0x0000000081f00000, 0x0000000081f00000| Untracked 
|  32|0x0000000082000000, 0x0000000082000000, 0x0000000082100000|  0%| F|  |TAMS 0x0000000082000000, 0x0000000082000000| Untracked 
|  33|0x0000000082100000, 0x0000000082100000, 0x0000000082200000|  0%| F|  |TAMS 0x0000000082100000, 0x0000000082100000| Untracked 
|  34|0x0000000082200000, 0x0000000082200000, 0x0000000082300000|  0%| F|  |TAMS 0x0000000082200000, 0x0000000082200000| Untracked 
|  35|0x0000000082300000, 0x0000000082300000, 0x0000000082400000|  0%| F|  |TAMS 0x0000000082300000, 0x0000000082300000| Untracked 
|  36|0x0000000082400000, 0x0000000082400000, 0x0000000082500000|  0%| F|  |TAMS 0x0000000082400000, 0x0000000082400000| Untracked 
|  37|0x0000000082500000, 0x0000000082500000, 0x0000000082600000|  0%| F|  |TAMS 0x0000000082500000, 0x0000000082500000| Untracked 
|  38|0x0000000082600000, 0x0000000082600000, 0x0000000082700000|  0%| F|  |TAMS 0x0000000082600000, 0x0000000082600000| Untracked 
|  39|0x0000000082700000, 0x0000000082700000, 0x0000000082800000|  0%| F|  |TAMS 0x0000000082700000, 0x0000000082700000| Untracked 
|  40|0x0000000082800000, 0x0000000082800000, 0x0000000082900000|  0%| F|  |TAMS 0x0000000082800000, 0x0000000082800000| Untracked 
|  41|0x0000000082900000, 0x0000000082900000, 0x0000000082a00000|  0%| F|  |TAMS 0x0000000082900000, 0x0000000082900000| Untracked 
|  42|0x0000000082a00000, 0x0000000082a00000, 0x0000000082b00000|  0%| F|  |TAMS 0x0000000082a00000, 0x0000000082a00000| Untracked 
|  43|0x0000000082b00000, 0x0000000082b00000, 0x0000000082c00000|  0%| F|  |TAMS 0x0000000082b00000, 0x0000000082b00000| Untracked 
|  44|0x0000000082c00000, 0x0000000082c00000, 0x0000000082d00000|  0%| F|  |TAMS 0x0000000082c00000, 0x0000000082c00000| Untracked 
|  45|0x0000000082d00000, 0x0000000082d00000, 0x0000000082e00000|  0%| F|  |TAMS 0x0000000082d00000, 0x0000000082d00000| Untracked 
|  46|0x0000000082e00000, 0x0000000082e00000, 0x0000000082f00000|  0%| F|  |TAMS 0x0000000082e00000, 0x0000000082e00000| Untracked 
|  47|0x0000000082f00000, 0x0000000082f00000, 0x0000000083000000|  0%| F|  |TAMS 0x0000000082f00000, 0x0000000082f00000| Untracked 
|  48|0x0000000083000000, 0x0000000083000000, 0x0000000083100000|  0%| F|  |TAMS 0x0000000083000000, 0x0000000083000000| Untracked 
|  49|0x0000000083100000, 0x0000000083100000, 0x0000000083200000|  0%| F|  |TAMS 0x0000000083100000, 0x0000000083100000| Untracked 
|  50|0x0000000083200000, 0x0000000083200000, 0x0000000083300000|  0%| F|  |TAMS 0x0000000083200000, 0x0000000083200000| Untracked 
|  51|0x0000000083300000, 0x0000000083300000, 0x0000000083400000|  0%| F|  |TAMS 0x0000000083300000, 0x0000000083300000| Untracked 
|  52|0x0000000083400000, 0x0000000083400000, 0x0000000083500000|  0%| F|  |TAMS 0x0000000083400000, 0x0000000083400000| Untracked 
|  53|0x0000000083500000, 0x0000000083500000, 0x0000000083600000|  0%| F|  |TAMS 0x0000000083500000, 0x0000000083500000| Untracked 
|  54|0x0000000083600000, 0x0000000083600000, 0x0000000083700000|  0%| F|  |TAMS 0x0000000083600000, 0x0000000083600000| Untracked 
|  55|0x0000000083700000, 0x0000000083700000, 0x0000000083800000|  0%| F|  |TAMS 0x0000000083700000, 0x0000000083700000| Untracked 
|  56|0x0000000083800000, 0x0000000083800000, 0x0000000083900000|  0%| F|  |TAMS 0x0000000083800000, 0x0000000083800000| Untracked 
|  57|0x0000000083900000, 0x0000000083900000, 0x0000000083a00000|  0%| F|  |TAMS 0x0000000083900000, 0x0000000083900000| Untracked 
|  58|0x0000000083a00000, 0x0000000083a00000, 0x0000000083b00000|  0%| F|  |TAMS 0x0000000083a00000, 0x0000000083a00000| Untracked 
|  59|0x0000000083b00000, 0x0000000083b00000, 0x0000000083c00000|  0%| F|  |TAMS 0x0000000083b00000, 0x0000000083b00000| Untracked 
|  60|0x0000000083c00000, 0x0000000083c00000, 0x0000000083d00000|  0%| F|  |TAMS 0x0000000083c00000, 0x0000000083c00000| Untracked 
|  61|0x0000000083d00000, 0x0000000083d00000, 0x0000000083e00000|  0%| F|  |TAMS 0x0000000083d00000, 0x0000000083d00000| Untracked 
|  62|0x0000000083e00000, 0x0000000083e00000, 0x0000000083f00000|  0%| F|  |TAMS 0x0000000083e00000, 0x0000000083e00000| Untracked 
|  63|0x0000000083f00000, 0x0000000083f00000, 0x0000000084000000|  0%| F|  |TAMS 0x0000000083f00000, 0x0000000083f00000| Untracked 
|  64|0x0000000084000000, 0x0000000084000000, 0x0000000084100000|  0%| F|  |TAMS 0x0000000084000000, 0x0000000084000000| Untracked 
|  65|0x0000000084100000, 0x0000000084100000, 0x0000000084200000|  0%| F|  |TAMS 0x0000000084100000, 0x0000000084100000| Untracked 
|  66|0x0000000084200000, 0x0000000084200000, 0x0000000084300000|  0%| F|  |TAMS 0x0000000084200000, 0x0000000084200000| Untracked 
|  67|0x0000000084300000, 0x0000000084300000, 0x0000000084400000|  0%| F|  |TAMS 0x0000000084300000, 0x0000000084300000| Untracked 
|  68|0x0000000084400000, 0x0000000084400000, 0x0000000084500000|  0%| F|  |TAMS 0x0000000084400000, 0x0000000084400000| Untracked 
|  69|0x0000000084500000, 0x0000000084500000, 0x0000000084600000|  0%| F|  |TAMS 0x0000000084500000, 0x0000000084500000| Untracked 
|  70|0x0000000084600000, 0x0000000084600000, 0x0000000084700000|  0%| F|  |TAMS 0x0000000084600000, 0x0000000084600000| Untracked 
|  71|0x0000000084700000, 0x0000000084700000, 0x0000000084800000|  0%| F|  |TAMS 0x0000000084700000, 0x0000000084700000| Untracked 
|  72|0x0000000084800000, 0x0000000084800000, 0x0000000084900000|  0%| F|  |TAMS 0x0000000084800000, 0x0000000084800000| Untracked 
|  73|0x0000000084900000, 0x0000000084900000, 0x0000000084a00000|  0%| F|  |TAMS 0x0000000084900000, 0x0000000084900000| Untracked 
|  74|0x0000000084a00000, 0x0000000084a00000, 0x0000000084b00000|  0%| F|  |TAMS 0x0000000084a00000, 0x0000000084a00000| Untracked 
|  75|0x0000000084b00000, 0x0000000084b00000, 0x0000000084c00000|  0%| F|  |TAMS 0x0000000084b00000, 0x0000000084b00000| Untracked 
|  76|0x0000000084c00000, 0x0000000084c00000, 0x0000000084d00000|  0%| F|  |TAMS 0x0000000084c00000, 0x0000000084c00000| Untracked 
|  77|0x0000000084d00000, 0x0000000084d00000, 0x0000000084e00000|  0%| F|  |TAMS 0x0000000084d00000, 0x0000000084d00000| Untracked 
|  78|0x0000000084e00000, 0x0000000084e00000, 0x0000000084f00000|  0%| F|  |TAMS 0x0000000084e00000, 0x0000000084e00000| Untracked 
|  79|0x0000000084f00000, 0x0000000084f00000, 0x0000000085000000|  0%| F|  |TAMS 0x0000000084f00000, 0x0000000084f00000| Untracked 
|  80|0x0000000085000000, 0x0000000085000000, 0x0000000085100000|  0%| F|  |TAMS 0x0000000085000000, 0x0000000085000000| Untracked 
|  81|0x0000000085100000, 0x0000000085100000, 0x0000000085200000|  0%| F|  |TAMS 0x0000000085100000, 0x0000000085100000| Untracked 
|  82|0x0000000085200000, 0x0000000085200000, 0x0000000085300000|  0%| F|  |TAMS 0x0000000085200000, 0x0000000085200000| Untracked 
|  83|0x0000000085300000, 0x0000000085300000, 0x0000000085400000|  0%| F|  |TAMS 0x0000000085300000, 0x0000000085300000| Untracked 
|  84|0x0000000085400000, 0x0000000085400000, 0x0000000085500000|  0%| F|  |TAMS 0x0000000085400000, 0x0000000085400000| Untracked 
|  85|0x0000000085500000, 0x0000000085500000, 0x0000000085600000|  0%| F|  |TAMS 0x0000000085500000, 0x0000000085500000| Untracked 
|  86|0x0000000085600000, 0x0000000085600000, 0x0000000085700000|  0%| F|  |TAMS 0x0000000085600000, 0x0000000085600000| Untracked 
|  87|0x0000000085700000, 0x0000000085700000, 0x0000000085800000|  0%| F|  |TAMS 0x0000000085700000, 0x0000000085700000| Untracked 
|  88|0x0000000085800000, 0x0000000085800000, 0x0000000085900000|  0%| F|  |TAMS 0x0000000085800000, 0x0000000085800000| Untracked 
|  89|0x0000000085900000, 0x0000000085900000, 0x0000000085a00000|  0%| F|  |TAMS 0x0000000085900000, 0x0000000085900000| Untracked 
|  90|0x0000000085a00000, 0x0000000085a00000, 0x0000000085b00000|  0%| F|  |TAMS 0x0000000085a00000, 0x0000000085a00000| Untracked 
|  91|0x0000000085b00000, 0x0000000085b00000, 0x0000000085c00000|  0%| F|  |TAMS 0x0000000085b00000, 0x0000000085b00000| Untracked 
|  92|0x0000000085c00000, 0x0000000085c00000, 0x0000000085d00000|  0%| F|  |TAMS 0x0000000085c00000, 0x0000000085c00000| Untracked 
|  93|0x0000000085d00000, 0x0000000085d00000, 0x0000000085e00000|  0%| F|  |TAMS 0x0000000085d00000, 0x0000000085d00000| Untracked 
|  94|0x0000000085e00000, 0x0000000085e00000, 0x0000000085f00000|  0%| F|  |TAMS 0x0000000085e00000, 0x0000000085e00000| Untracked 
|  95|0x0000000085f00000, 0x0000000085f00000, 0x0000000086000000|  0%| F|  |TAMS 0x0000000085f00000, 0x0000000085f00000| Untracked 
|  96|0x0000000086000000, 0x0000000086000000, 0x0000000086100000|  0%| F|  |TAMS 0x0000000086000000, 0x0000000086000000| Untracked 
|  97|0x0000000086100000, 0x0000000086127148, 0x0000000086200000| 15%| S|CS|TAMS 0x0000000086100000, 0x0000000086100000| Complete 
|  98|0x0000000086200000, 0x0000000086300000, 0x0000000086300000|100%| S|CS|TAMS 0x0000000086200000, 0x0000000086200000| Complete 
|  99|0x0000000086300000, 0x0000000086300000, 0x0000000086400000|  0%| F|  |TAMS 0x0000000086300000, 0x0000000086300000| Untracked 
| 100|0x0000000086400000, 0x0000000086400000, 0x0000000086500000|  0%| F|  |TAMS 0x0000000086400000, 0x0000000086400000| Untracked 
| 101|0x0000000086500000, 0x0000000086500000, 0x0000000086600000|  0%| F|  |TAMS 0x0000000086500000, 0x0000000086500000| Untracked 
| 102|0x0000000086600000, 0x0000000086600000, 0x0000000086700000|  0%| F|  |TAMS 0x0000000086600000, 0x0000000086600000| Untracked 
| 103|0x0000000086700000, 0x0000000086700000, 0x0000000086800000|  0%| F|  |TAMS 0x0000000086700000, 0x0000000086700000| Untracked 
| 104|0x0000000086800000, 0x0000000086800000, 0x0000000086900000|  0%| F|  |TAMS 0x0000000086800000, 0x0000000086800000| Untracked 
| 105|0x0000000086900000, 0x0000000086900000, 0x0000000086a00000|  0%| F|  |TAMS 0x0000000086900000, 0x0000000086900000| Untracked 
| 106|0x0000000086a00000, 0x0000000086a00000, 0x0000000086b00000|  0%| F|  |TAMS 0x0000000086a00000, 0x0000000086a00000| Untracked 
| 107|0x0000000086b00000, 0x0000000086b00000, 0x0000000086c00000|  0%| F|  |TAMS 0x0000000086b00000, 0x0000000086b00000| Untracked 
| 108|0x0000000086c00000, 0x0000000086c00000, 0x0000000086d00000|  0%| F|  |TAMS 0x0000000086c00000, 0x0000000086c00000| Untracked 
| 109|0x0000000086d00000, 0x0000000086d00000, 0x0000000086e00000|  0%| F|  |TAMS 0x0000000086d00000, 0x0000000086d00000| Untracked 
| 110|0x0000000086e00000, 0x0000000086e00000, 0x0000000086f00000|  0%| F|  |TAMS 0x0000000086e00000, 0x0000000086e00000| Untracked 
| 111|0x0000000086f00000, 0x0000000086f00000, 0x0000000087000000|  0%| F|  |TAMS 0x0000000086f00000, 0x0000000086f00000| Untracked 
| 112|0x0000000087000000, 0x0000000087000000, 0x0000000087100000|  0%| F|  |TAMS 0x0000000087000000, 0x0000000087000000| Untracked 
| 113|0x0000000087100000, 0x0000000087100000, 0x0000000087200000|  0%| F|  |TAMS 0x0000000087100000, 0x0000000087100000| Untracked 
| 114|0x0000000087200000, 0x0000000087200000, 0x0000000087300000|  0%| F|  |TAMS 0x0000000087200000, 0x0000000087200000| Untracked 
| 115|0x0000000087300000, 0x0000000087300000, 0x0000000087400000|  0%| F|  |TAMS 0x0000000087300000, 0x0000000087300000| Untracked 
| 116|0x0000000087400000, 0x0000000087400000, 0x0000000087500000|  0%| F|  |TAMS 0x0000000087400000, 0x0000000087400000| Untracked 
| 117|0x0000000087500000, 0x0000000087500000, 0x0000000087600000|  0%| F|  |TAMS 0x0000000087500000, 0x0000000087500000| Untracked 
| 118|0x0000000087600000, 0x0000000087600000, 0x0000000087700000|  0%| F|  |TAMS 0x0000000087600000, 0x0000000087600000| Untracked 
| 119|0x0000000087700000, 0x0000000087700000, 0x0000000087800000|  0%| F|  |TAMS 0x0000000087700000, 0x0000000087700000| Untracked 
| 120|0x0000000087800000, 0x0000000087800000, 0x0000000087900000|  0%| F|  |TAMS 0x0000000087800000, 0x0000000087800000| Untracked 
| 121|0x0000000087900000, 0x0000000087900000, 0x0000000087a00000|  0%| F|  |TAMS 0x0000000087900000, 0x0000000087900000| Untracked 
| 122|0x0000000087a00000, 0x0000000087a00000, 0x0000000087b00000|  0%| F|  |TAMS 0x0000000087a00000, 0x0000000087a00000| Untracked 
| 123|0x0000000087b00000, 0x0000000087bd8678, 0x0000000087c00000| 84%| E|  |TAMS 0x0000000087b00000, 0x0000000087b00000| Complete 

Card table byte_map: [0x000002507dc90000,0x000002507e090000] _byte_map_base: 0x000002507d890000

Marking Bits (Prev, Next): (CMBitMap*) 0x00000250751632d0, (CMBitMap*) 0x0000025075163298
 Prev Bits: [0x0000025011000000, 0x0000025013000000)
 Next Bits: [0x000002500f000000, 0x0000025011000000)

Polling page: 0x00000250748f0000

Metaspace:

Usage:
  Non-class:     18.26 MB capacity,    17.88 MB ( 98%) used,   357.73 KB (  2%) free+waste,    35.00 KB ( <1%) overhead. 
      Class:      2.60 MB capacity,     2.44 MB ( 94%) used,   150.34 KB (  6%) free+waste,    17.19 KB ( <1%) overhead. 
       Both:     20.86 MB capacity,    20.31 MB ( 97%) used,   508.08 KB (  2%) free+waste,    52.19 KB ( <1%) overhead. 

Virtual space:
  Non-class space:       20.00 MB reserved,      18.42 MB ( 92%) committed 
      Class space:      504.00 MB reserved,       2.63 MB ( <1%) committed 
             Both:      524.00 MB reserved,      21.05 MB (  4%) committed 

Chunk freelists:
   Non-Class:  54.00 KB
       Class:  24.00 KB
        Both:  78.00 KB

MaxMetaspaceSize: 512.00 MB
CompressedClassSpaceSize: 504.00 MB
Initial GC threshold: 20.80 MB
Current GC threshold: 35.08 MB
CDS: off

CodeHeap 'non-profiled nmethods': size=120064Kb used=925Kb max_used=925Kb free=119138Kb
 bounds [0x0000025007ac0000, 0x0000025007d30000, 0x000002500f000000]
CodeHeap 'profiled nmethods': size=120000Kb used=4211Kb max_used=4211Kb free=115789Kb
 bounds [0x0000025000590000, 0x00000250009b0000, 0x0000025007ac0000]
CodeHeap 'non-nmethods': size=5696Kb used=1222Kb max_used=1237Kb free=4473Kb
 bounds [0x0000025000000000, 0x0000025000270000, 0x0000025000590000]
 total_blobs=2455 nmethods=1972 adapters=395
 compilation: enabled
              stopped_count=0, restarted_count=0
 full_count=0

Compilation events (20 events):
Event: 7.246 Thread 0x000002507e98b800 1960       1       jdk.internal.reflect.DelegatingMethodAccessorImpl::setDelegate (6 bytes)
Event: 7.246 Thread 0x000002507e98b800 nmethod 1960 0x0000025007ba6a10 code [0x0000025007ba6bc0, 0x0000025007ba6cb8]
Event: 7.246 Thread 0x000002507e98b800 1962       1       java.lang.reflect.Method::getMethodAccessor (5 bytes)
Event: 7.246 Thread 0x000002507e98b800 nmethod 1962 0x0000025007ba6d10 code [0x0000025007ba6ec0, 0x0000025007ba6f78]
Event: 7.246 Thread 0x000002507e98b800 1963       1       jdk.internal.reflect.NativeMethodAccessorImpl::setParent (6 bytes)
Event: 7.246 Thread 0x000002507e98b800 nmethod 1963 0x0000025007ba7010 code [0x0000025007ba71c0, 0x0000025007ba72b8]
Event: 7.268 Thread 0x000002507e98b800 1965       3       java.lang.Enum::compareTo (44 bytes)
Event: 7.269 Thread 0x000002507e98b800 nmethod 1965 0x00000250009a9190 code [0x00000250009a93a0, 0x00000250009a9888]
Event: 7.269 Thread 0x000002507e98b800 1966       3       java.util.concurrent.locks.ReentrantLock$Sync::nonfairTryAcquire (67 bytes)
Event: 7.269 Thread 0x000002507e98b800 nmethod 1966 0x00000250009a9a90 code [0x00000250009a9ce0, 0x00000250009aa5c8]
Event: 7.269 Thread 0x000002507e98b800 1967       3       java.util.concurrent.locks.ReentrantLock$Sync::tryRelease (45 bytes)
Event: 7.270 Thread 0x000002507e98b800 nmethod 1967 0x00000250009aa910 code [0x00000250009aaae0, 0x00000250009aadc8]
Event: 7.283 Thread 0x000002507e98b800 1968       3       java.util.concurrent.locks.ReentrantLock$NonfairSync::tryAcquire (6 bytes)
Event: 7.283 Thread 0x000002507e98b800 nmethod 1968 0x00000250009aae90 code [0x00000250009ab040, 0x00000250009ab168]
Event: 7.310 Thread 0x000002507e98b800 1970   !   3       java.lang.ref.ReferenceQueue::enqueue (119 bytes)
Event: 7.310 Thread 0x000002507e98b800 nmethod 1970 0x00000250009ab210 code [0x00000250009ab400, 0x00000250009abb68]
Event: 7.313 Thread 0x000002507e98b800 1971       3       sun.invoke.util.VerifyAccess::isTypeVisible (47 bytes)
Event: 7.314 Thread 0x000002507e98b800 nmethod 1971 0x00000250009abd10 code [0x00000250009abf00, 0x00000250009ac2d8]
Event: 7.316 Thread 0x000002507e98b800 1972       3       java.lang.invoke.LambdaFormEditor$Transform::<init> (17 bytes)
Event: 7.317 Thread 0x000002507e98b800 nmethod 1972 0x00000250009ac510 code [0x00000250009ac6e0, 0x00000250009acab8]

GC Heap History (10 events):
Event: 1.986 GC heap before
{Heap before GC invocations=0 (full 0):
 garbage-first heap   total 126976K, used 16384K [0x0000000080000000, 0x0000000100000000)
  region size 1024K, 14 young (14336K), 0 survivors (0K)
 Metaspace       used 6777K, capacity 6989K, committed 7168K, reserved 524288K
  class space    used 573K, capacity 650K, committed 768K, reserved 516096K
}
Event: 2.012 GC heap after
{Heap after GC invocations=1 (full 0):
 garbage-first heap   total 126976K, used 3839K [0x0000000080000000, 0x0000000100000000)
  region size 1024K, 2 young (2048K), 2 survivors (2048K)
 Metaspace       used 6777K, capacity 6989K, committed 7168K, reserved 524288K
  class space    used 573K, capacity 650K, committed 768K, reserved 516096K
}
Event: 2.905 GC heap before
{Heap before GC invocations=1 (full 0):
 garbage-first heap   total 126976K, used 17151K [0x0000000080000000, 0x0000000100000000)
  region size 1024K, 13 young (13312K), 2 survivors (2048K)
 Metaspace       used 10177K, capacity 10452K, committed 10624K, reserved 526336K
  class space    used 1033K, capacity 1105K, committed 1152K, reserved 516096K
}
Event: 2.911 GC heap after
{Heap after GC invocations=2 (full 0):
 garbage-first heap   total 126976K, used 9405K [0x0000000080000000, 0x0000000100000000)
  region size 1024K, 2 young (2048K), 2 survivors (2048K)
 Metaspace       used 10177K, capacity 10452K, committed 10624K, reserved 526336K
  class space    used 1033K, capacity 1105K, committed 1152K, reserved 516096K
}
Event: 3.904 GC heap before
{Heap before GC invocations=2 (full 0):
 garbage-first heap   total 126976K, used 36029K [0x0000000080000000, 0x0000000100000000)
  region size 1024K, 28 young (28672K), 2 survivors (2048K)
 Metaspace       used 11232K, capacity 11505K, committed 11776K, reserved 528384K
  class space    used 1145K, capacity 1243K, committed 1280K, reserved 516096K
}
Event: 3.909 GC heap after
{Heap after GC invocations=3 (full 0):
 garbage-first heap   total 126976K, used 10832K [0x0000000080000000, 0x0000000100000000)
  region size 1024K, 4 young (4096K), 4 survivors (4096K)
 Metaspace       used 11232K, capacity 11505K, committed 11776K, reserved 528384K
  class space    used 1145K, capacity 1243K, committed 1280K, reserved 516096K
}
Event: 6.585 GC heap before
{Heap before GC invocations=3 (full 0):
 garbage-first heap   total 126976K, used 51792K [0x0000000080000000, 0x0000000100000000)
  region size 1024K, 43 young (44032K), 4 survivors (4096K)
 Metaspace       used 17664K, capacity 18034K, committed 18304K, reserved 532480K
  class space    used 2046K, capacity 2146K, committed 2176K, reserved 516096K
}
Event: 6.642 GC heap after
{Heap after GC invocations=4 (full 0):
 garbage-first heap   total 126976K, used 16056K [0x0000000080000000, 0x0000000100000000)
  region size 1024K, 6 young (6144K), 6 survivors (6144K)
 Metaspace       used 17664K, capacity 18034K, committed 18304K, reserved 532480K
  class space    used 2046K, capacity 2146K, committed 2176K, reserved 516096K
}
Event: 7.284 GC heap before
{Heap before GC invocations=4 (full 0):
 garbage-first heap   total 126976K, used 40632K [0x0000000080000000, 0x0000000100000000)
  region size 1024K, 31 young (31744K), 6 survivors (6144K)
 Metaspace       used 20660K, capacity 21125K, committed 21296K, reserved 536576K
  class space    used 2471K, capacity 2626K, committed 2688K, reserved 516096K
}
Event: 7.292 GC heap after
{Heap after GC invocations=5 (full 0):
 garbage-first heap   total 126976K, used 17411K [0x0000000080000000, 0x0000000100000000)
  region size 1024K, 2 young (2048K), 2 survivors (2048K)
 Metaspace       used 20660K, capacity 21125K, committed 21296K, reserved 536576K
  class space    used 2471K, capacity 2626K, committed 2688K, reserved 516096K
}

Deoptimization events (20 events):
Event: 7.055 Thread 0x000002501645c800 Uncommon trap: trap_request=0xffffff4d fr.pc=0x0000025007adcd08 relative=0x0000000000000ae8
Event: 7.055 Thread 0x000002501645c800 Uncommon trap: reason=unstable_if action=reinterpret pc=0x0000025007adcd08 method=java.io.WinNTFileSystem.resolve(Ljava/lang/String;Ljava/lang/String;)Ljava/lang/String; @ 19 c2
Event: 7.055 Thread 0x000002501645c800 DEOPT PACKING pc=0x0000025007adcd08 sp=0x000000ea792fce60
Event: 7.055 Thread 0x000002501645c800 DEOPT UNPACKING pc=0x00000250000085af sp=0x000000ea792fcdf8 mode 2
Event: 7.056 Thread 0x000002501645c800 Uncommon trap: trap_request=0xffffffc6 fr.pc=0x0000025007b3d224 relative=0x0000000000000084
Event: 7.056 Thread 0x000002501645c800 Uncommon trap: reason=bimorphic_or_optimized_type_check action=maybe_recompile pc=0x0000025007b3d224 method=java.util.AbstractList$Itr.hasNext()Z @ 8 c2
Event: 7.056 Thread 0x000002501645c800 DEOPT PACKING pc=0x0000025007b3d224 sp=0x000000ea792fc3c0
Event: 7.056 Thread 0x000002501645c800 DEOPT UNPACKING pc=0x00000250000085af sp=0x000000ea792fc358 mode 2
Event: 7.056 Thread 0x000002501645c800 Uncommon trap: trap_request=0xffffffc6 fr.pc=0x0000025007b3d5d4 relative=0x0000000000000114
Event: 7.056 Thread 0x000002501645c800 Uncommon trap: reason=bimorphic_or_optimized_type_check action=maybe_recompile pc=0x0000025007b3d5d4 method=java.util.AbstractList$Itr.next()Ljava/lang/Object; @ 14 c2
Event: 7.056 Thread 0x000002501645c800 DEOPT PACKING pc=0x0000025007b3d5d4 sp=0x000000ea792fc3b0
Event: 7.056 Thread 0x000002501645c800 DEOPT UNPACKING pc=0x00000250000085af sp=0x000000ea792fc348 mode 2
Event: 7.057 Thread 0x000002501645c800 Uncommon trap: trap_request=0xffffff4d fr.pc=0x0000025007b3545c relative=0x000000000000051c
Event: 7.057 Thread 0x000002501645c800 Uncommon trap: reason=unstable_if action=reinterpret pc=0x0000025007b3545c method=java.io.File.getName()Ljava/lang/String; @ 16 c2
Event: 7.057 Thread 0x000002501645c800 DEOPT PACKING pc=0x0000025007b3545c sp=0x000000ea792fcdf0
Event: 7.057 Thread 0x000002501645c800 DEOPT UNPACKING pc=0x00000250000085af sp=0x000000ea792fcdc0 mode 2
Event: 7.057 Thread 0x000002501645c800 Uncommon trap: trap_request=0xffffff4d fr.pc=0x0000025007b34b34 relative=0x0000000000000474
Event: 7.057 Thread 0x000002501645c800 Uncommon trap: reason=unstable_if action=reinterpret pc=0x0000025007b34b34 method=java.lang.String.substring(I)Ljava/lang/String; @ 34 c2
Event: 7.057 Thread 0x000002501645c800 DEOPT PACKING pc=0x0000025007b34b34 sp=0x000000ea792fcd70
Event: 7.057 Thread 0x000002501645c800 DEOPT UNPACKING pc=0x00000250000085af sp=0x000000ea792fcd48 mode 2

Classes redefined (0 events):
No events

Internal exceptions (20 events):
Event: 0.568 Thread 0x0000025075120800 Exception <a 'java/lang/NoSuchMethodError'{0x00000000879f2c68}: 'int java.lang.invoke.DirectMethodHandle$Holder.invokeSpecial(java.lang.Object, java.lang.Object, java.lang.Object, java.lang.Object)'> (0x00000000879f2c68) thrown at [./src/hotspot/share/interpreter/linkResolver.cpp, line 773]
Event: 0.582 Thread 0x0000025075120800 Exception <a 'java/lang/NoSuchMethodError'{0x000000008782bca8}: 'int java.lang.invoke.DirectMethodHandle$Holder.invokeSpecialIFC(java.lang.Object, java.lang.Object, int)'> (0x000000008782bca8) thrown at [./src/hotspot/share/interpreter/linkResolver.cpp, line 773]
Event: 2.246 Thread 0x0000025075120800 Exception <a 'java/lang/NoClassDefFoundError'{0x0000000087a987b8}: org/slf4j/impl/StaticMarkerBinder> (0x0000000087a987b8) thrown at [./src/hotspot/share/classfile/systemDictionary.cpp, line 219]
Event: 2.567 Thread 0x0000025075120800 Exception <a 'java/lang/NoSuchMethodError'{0x00000000876719a0}: 'java.lang.Object java.lang.invoke.DirectMethodHandle$Holder.invokeVirtual(java.lang.Object, java.lang.Object, java.lang.Object, java.lang.Object, java.lang.Object, java.lang.Object, java.lang.Object)'> (0x00000000876719a0) thrown at [./src/hotspot/share/interpreter/linkResolver.cpp, line 773]
Event: 2.571 Thread 0x0000025075120800 Exception <a 'java/lang/NoSuchMethodError'{0x0000000087686088}: 'java.lang.Object java.lang.invoke.Invokers$Holder.invoker(java.lang.Object, java.lang.Object, java.lang.Object)'> (0x0000000087686088) thrown at [./src/hotspot/share/interpreter/linkResolver.cpp, line 773]
Event: 2.578 Thread 0x0000025075120800 Exception <a 'java/lang/NoSuchMethodError'{0x0000000087697100}: 'void java.lang.invoke.DelegatingMethodHandle$Holder.delegate(java.lang.Object, java.lang.Object, int, java.lang.Object)'> (0x0000000087697100) thrown at [./src/hotspot/share/interpreter/linkResolver.cpp, line 773]
Event: 4.202 Thread 0x0000025075120800 Exception <a 'java/security/PrivilegedActionException'{0x00000000877343a8}> (0x00000000877343a8) thrown at [./src/hotspot/share/prims/jvm.cpp, line 1306]
Event: 4.202 Thread 0x0000025075120800 Exception <a 'java/security/PrivilegedActionException'{0x0000000087734920}> (0x0000000087734920) thrown at [./src/hotspot/share/prims/jvm.cpp, line 1306]
Event: 4.998 Thread 0x0000025075120800 Exception <a 'java/lang/NoSuchMethodError'{0x0000000086667210}: 'java.lang.Object java.lang.invoke.DirectMethodHandle$Holder.invokeStaticInit(java.lang.Object, java.lang.Object, java.lang.Object)'> (0x0000000086667210) thrown at [./src/hotspot/share/interpreter/linkResolver.cpp, line 773]
Event: 5.395 Thread 0x0000025075120800 Exception <a 'java/lang/NoSuchMethodError'{0x00000000860eb6b8}: 'java.lang.Object java.lang.invoke.DirectMethodHandle$Holder.invokeStaticInit(java.lang.Object, int, int, int, int)'> (0x00000000860eb6b8) thrown at [./src/hotspot/share/interpreter/linkResolver.cpp, line 773]
Event: 5.887 Thread 0x0000025075120800 Exception <a 'java/lang/NoSuchMethodError'{0x0000000085b13800}: 'java.lang.Object java.lang.invoke.DirectMethodHandle$Holder.invokeStaticInit(java.lang.Object, java.lang.Object, int, int, int, int)'> (0x0000000085b13800) thrown at [./src/hotspot/share/interpreter/linkResolver.cpp, line 773]
Event: 6.327 Thread 0x0000025075120800 Exception <a 'java/io/IOException'{0x0000000085ad33e0}> (0x0000000085ad33e0) thrown at [./src/hotspot/share/prims/jni.cpp, line 617]
Event: 6.496 Thread 0x000002501645c800 Exception <a 'java/lang/NoSuchMethodError'{0x0000000085437310}: 'long java.lang.invoke.DirectMethodHandle$Holder.invokeInterface(java.lang.Object, java.lang.Object)'> (0x0000000085437310) thrown at [./src/hotspot/share/interpreter/linkResolver.cpp, line 773]
Event: 6.498 Thread 0x000002501645c800 Exception <a 'java/lang/NoSuchMethodError'{0x00000000854443b0}: 'void java.lang.invoke.DelegatingMethodHandle$Holder.reinvoke_L(java.lang.Object, java.lang.Object, java.lang.Object, java.lang.Object, java.lang.Object, java.lang.Object, java.lang.Object)'> (0x00000000854443b0) thrown at [./src/hotspot/share/interpreter/linkResolver.cpp, line 773]
Event: 6.715 Thread 0x000002501645c800 Exception <a 'java/lang/NoSuchMethodError'{0x00000000877d8658}: 'void java.lang.invoke.DirectMethodHandle$Holder.invokeStaticInit(java.lang.Object)'> (0x00000000877d8658) thrown at [./src/hotspot/share/interpreter/linkResolver.cpp, line 773]
Event: 6.737 Thread 0x000002501645c800 Exception <a 'java/lang/NoSuchMethodError'{0x0000000087694d90}: 'java.lang.Object java.lang.invoke.DirectMethodHandle$Holder.invokeStatic(java.lang.Object, java.lang.Object, java.lang.Object, int)'> (0x0000000087694d90) thrown at [./src/hotspot/share/interpreter/linkResolver.cpp, line 773]
Event: 6.737 Thread 0x000002501645c800 Exception <a 'java/lang/NoSuchMethodError'{0x0000000087698f58}: 'java.lang.Object java.lang.invoke.DirectMethodHandle$Holder.invokeSpecial(java.lang.Object, java.lang.Object, java.lang.Object, java.lang.Object, int)'> (0x0000000087698f58) thrown at [./src/hotspot/share/interpreter/linkResolver.cpp, line 773]
Event: 6.738 Thread 0x000002501645c800 Exception <a 'java/lang/NoSuchMethodError'{0x000000008769c940}: 'java.lang.Object java.lang.invoke.Invokers$Holder.linkToTargetMethod(java.lang.Object, java.lang.Object, int, java.lang.Object)'> (0x000000008769c940) thrown at [./src/hotspot/share/interpreter/linkResolver.cpp, line 773]
Event: 7.090 Thread 0x000002501645c800 Exception <a 'java/lang/NoSuchMethodError'{0x0000000086dfb080}: 'java.lang.Object java.lang.invoke.Invokers$Holder.linkToTargetMethod(java.lang.Object, java.lang.Object, java.lang.Object, java.lang.Object, java.lang.Object, java.lang.Object)'> (0x0000000086dfb080) thrown at [./src/hotspot/share/interpreter/linkResolver.cpp, line 773]
Event: 7.313 Thread 0x000002501645c800 Exception <a 'java/lang/NoSuchMethodError'{0x0000000087bca730}: 'int java.lang.invoke.DirectMethodHandle$Holder.invokeSpecialIFC(java.lang.Object, java.lang.Object, java.lang.Object, java.lang.Object)'> (0x0000000087bca730) thrown at [./src/hotspot/share/interpreter/linkResolver.cpp, line 773]

Events (20 events):
Event: 7.306 loading class com/google/common/util/concurrent/Striped$PaddedLock done
Event: 7.307 loading class org/gradle/internal/snapshot/impl/DirectorySnapshotter
Event: 7.307 loading class org/gradle/internal/snapshot/impl/DirectorySnapshotter done
Event: 7.307 loading class org/gradle/internal/snapshot/impl/DirectorySnapshotter$SymbolicLinkMapping
Event: 7.307 loading class org/gradle/internal/snapshot/impl/DirectorySnapshotter$SymbolicLinkMapping done
Event: 7.308 Executing VM operation: CGC_Operation
Event: 7.310 Executing VM operation: CGC_Operation done
Event: 7.310 loading class java/nio/file/FileVisitOption
Event: 7.310 loading class java/nio/file/FileVisitOption done
Event: 7.310 loading class org/gradle/internal/snapshot/impl/DirectorySnapshotter$1
Event: 7.310 loading class org/gradle/internal/snapshot/impl/DirectorySnapshotter$1 done
Event: 7.311 loading class org/gradle/internal/snapshot/impl/DirectorySnapshotter$DefaultExcludes
Event: 7.311 loading class org/gradle/internal/snapshot/impl/DirectorySnapshotter$DefaultExcludes done
Event: 7.312 loading class org/gradle/internal/snapshot/impl/DirectorySnapshotter$DefaultExcludes$StartMatcher
Event: 7.312 loading class org/gradle/internal/snapshot/impl/DirectorySnapshotter$DefaultExcludes$StartMatcher done
Event: 7.313 loading class org/gradle/internal/snapshot/impl/DirectorySnapshotter$DefaultExcludes$EndMatcher
Event: 7.313 loading class org/gradle/internal/snapshot/impl/DirectorySnapshotter$DefaultExcludes$EndMatcher done
Event: 7.314 Executing VM operation: RevokeBias
Event: 7.314 Executing VM operation: RevokeBias done
Event: 7.317 Executing VM operation: CGC_Operation


Dynamic libraries:
0x00007ff72b4f0000 - 0x00007ff72b4fd000 	C:\Program Files\Microsoft\jdk-11.0.18.10-hotspot\bin\java.exe
0x00007ffcf1230000 - 0x00007ffcf1444000 	C:\Windows\SYSTEM32\ntdll.dll
0x00007ffcef7a0000 - 0x00007ffcef862000 	C:\Windows\System32\KERNEL32.DLL
0x00007ffcee650000 - 0x00007ffcee9f3000 	C:\Windows\System32\KERNELBASE.dll
0x00007ffceed00000 - 0x00007ffceee11000 	C:\Windows\System32\ucrtbase.dll
0x00007ffcc40b0000 - 0x00007ffcc40c7000 	C:\Program Files\Microsoft\jdk-11.0.18.10-hotspot\bin\jli.dll
0x00007ffcef4a0000 - 0x00007ffcef64b000 	C:\Windows\System32\USER32.dll
0x00007ffceeb90000 - 0x00007ffceebb6000 	C:\Windows\System32\win32u.dll
0x00007ffcf0b90000 - 0x00007ffcf0bb9000 	C:\Windows\System32\GDI32.dll
0x00007ffceea70000 - 0x00007ffceeb88000 	C:\Windows\System32\gdi32full.dll
0x00007ffceef90000 - 0x00007ffcef02a000 	C:\Windows\System32\msvcp_win.dll
0x00007ffcdcac0000 - 0x00007ffcdcd4e000 	C:\Windows\WinSxS\amd64_microsoft.windows.common-controls_6595b64144ccf1df_6.0.22621.1635_none_270f70857386168e\COMCTL32.dll
0x00007ffcefee0000 - 0x00007ffceff87000 	C:\Windows\System32\msvcrt.dll
0x00007ffcc1c40000 - 0x00007ffcc1c55000 	C:\Program Files\Microsoft\jdk-11.0.18.10-hotspot\bin\VCRUNTIME140.dll
0x00007ffcefea0000 - 0x00007ffcefed1000 	C:\Windows\System32\IMM32.DLL
0x00007ffc6c630000 - 0x00007ffc6c6cb000 	C:\Program Files\Microsoft\jdk-11.0.18.10-hotspot\bin\msvcp140.dll
0x00007ffc6ba90000 - 0x00007ffc6c622000 	C:\Program Files\Microsoft\jdk-11.0.18.10-hotspot\bin\server\jvm.dll
0x00007ffcef870000 - 0x00007ffcef91e000 	C:\Windows\System32\ADVAPI32.dll
0x00007ffcef920000 - 0x00007ffcef9c4000 	C:\Windows\System32\sechost.dll
0x00007ffcf0c90000 - 0x00007ffcf0da7000 	C:\Windows\System32\RPCRT4.dll
0x00007ffcef6d0000 - 0x00007ffcef6d8000 	C:\Windows\System32\PSAPI.DLL
0x00007ffceb510000 - 0x00007ffceb519000 	C:\Windows\SYSTEM32\WSOCK32.dll
0x00007ffcf0030000 - 0x00007ffcf00a1000 	C:\Windows\System32\WS2_32.dll
0x00007ffce86a0000 - 0x00007ffce86d4000 	C:\Windows\SYSTEM32\WINMM.dll
0x00007ffce8690000 - 0x00007ffce869a000 	C:\Windows\SYSTEM32\VERSION.dll
0x00007ffced790000 - 0x00007ffced7a8000 	C:\Windows\SYSTEM32\kernel.appcore.dll
0x00007ffcc7960000 - 0x00007ffcc7970000 	C:\Program Files\Microsoft\jdk-11.0.18.10-hotspot\bin\verify.dll
0x00007ffcebfb0000 - 0x00007ffcec1de000 	C:\Windows\SYSTEM32\DBGHELP.DLL
0x00007ffcef030000 - 0x00007ffcef3b9000 	C:\Windows\System32\combase.dll
0x00007ffcef3c0000 - 0x00007ffcef497000 	C:\Windows\System32\OLEAUT32.dll
0x00007ffce67a0000 - 0x00007ffce67d2000 	C:\Windows\SYSTEM32\dbgcore.DLL
0x00007ffceebc0000 - 0x00007ffceec3b000 	C:\Windows\System32\bcryptPrimitives.dll
0x00007ffcbc7a0000 - 0x00007ffcbc7c8000 	C:\Program Files\Microsoft\jdk-11.0.18.10-hotspot\bin\java.dll
0x00007ffcc5340000 - 0x00007ffcc534a000 	C:\Program Files\Microsoft\jdk-11.0.18.10-hotspot\bin\jimage.dll
0x00007ffcbd050000 - 0x00007ffcbd068000 	C:\Program Files\Microsoft\jdk-11.0.18.10-hotspot\bin\zip.dll
0x00007ffcf00b0000 - 0x00007ffcf08aa000 	C:\Windows\System32\SHELL32.dll
0x00007ffcec660000 - 0x00007ffcecf2e000 	C:\Windows\SYSTEM32\windows.storage.dll
0x00007ffcec520000 - 0x00007ffcec65e000 	C:\Windows\SYSTEM32\wintypes.dll
0x00007ffcf0e30000 - 0x00007ffcf0f21000 	C:\Windows\System32\SHCORE.dll
0x00007ffcef740000 - 0x00007ffcef79e000 	C:\Windows\System32\shlwapi.dll
0x00007ffcee580000 - 0x00007ffcee5a1000 	C:\Windows\SYSTEM32\profapi.dll
0x00007ffcbc560000 - 0x00007ffcbc579000 	C:\Program Files\Microsoft\jdk-11.0.18.10-hotspot\bin\net.dll
0x00007ffce81b0000 - 0x00007ffce82e7000 	C:\Windows\SYSTEM32\WINHTTP.dll
0x00007ffcedc00000 - 0x00007ffcedc69000 	C:\Windows\system32\mswsock.dll
0x00007ffca63b0000 - 0x00007ffca63c3000 	C:\Program Files\Microsoft\jdk-11.0.18.10-hotspot\bin\nio.dll
0x00007ffca5d40000 - 0x00007ffca5d67000 	C:\Users\roner\.gradle\native\e1d6ef7f7dcc3fd88c89a11ec53ec762bb8ba0a96d01ffa2cd45eb1d1d8dd5c5\windows-amd64\native-platform.dll
0x00007ffc6a870000 - 0x00007ffc6a9b4000 	C:\Users\roner\.gradle\native\0d407fdbe67a94daf76414ababcb853783967236a71b16ec16e742cd7a986fd3\windows-amd64\native-platform-file-events.dll
0x00007ffcc4250000 - 0x00007ffcc4259000 	C:\Program Files\Microsoft\jdk-11.0.18.10-hotspot\bin\management.dll
0x00007ffcc2920000 - 0x00007ffcc292b000 	C:\Program Files\Microsoft\jdk-11.0.18.10-hotspot\bin\management_ext.dll
0x00007ffcede60000 - 0x00007ffcede7b000 	C:\Windows\SYSTEM32\CRYPTSP.dll
0x00007ffced700000 - 0x00007ffced735000 	C:\Windows\system32\rsaenh.dll
0x00007ffcedd00000 - 0x00007ffcedd28000 	C:\Windows\SYSTEM32\USERENV.dll
0x00007ffcee020000 - 0x00007ffcee048000 	C:\Windows\SYSTEM32\bcrypt.dll
0x00007ffcede80000 - 0x00007ffcede8c000 	C:\Windows\SYSTEM32\CRYPTBASE.dll
0x00007ffced200000 - 0x00007ffced22d000 	C:\Windows\SYSTEM32\IPHLPAPI.DLL
0x00007ffcf0020000 - 0x00007ffcf0029000 	C:\Windows\System32\NSI.dll
0x00007ffce83e0000 - 0x00007ffce83f9000 	C:\Windows\SYSTEM32\dhcpcsvc6.DLL
0x00007ffce7f00000 - 0x00007ffce7f1f000 	C:\Windows\SYSTEM32\dhcpcsvc.DLL
0x00007ffced270000 - 0x00007ffced363000 	C:\Windows\SYSTEM32\DNSAPI.dll

dbghelp: loaded successfully - version: 4.0.5 - missing functions: none
symbol engine: initialized successfully - sym options: 0x614 - pdb path: .;C:\Program Files\Microsoft\jdk-11.0.18.10-hotspot\bin;C:\Windows\SYSTEM32;C:\Windows\WinSxS\amd64_microsoft.windows.common-controls_6595b64144ccf1df_6.0.22621.1635_none_270f70857386168e;C:\Program Files\Microsoft\jdk-11.0.18.10-hotspot\bin\server;C:\Users\roner\.gradle\native\e1d6ef7f7dcc3fd88c89a11ec53ec762bb8ba0a96d01ffa2cd45eb1d1d8dd5c5\windows-amd64;C:\Users\roner\.gradle\native\0d407fdbe67a94daf76414ababcb853783967236a71b16ec16e742cd7a986fd3\windows-amd64

VM Arguments:
jvm_args: -XX:MaxMetaspaceSize=512m --add-opens=java.base/java.util=ALL-UNNAMED --add-opens=java.base/java.lang=ALL-UNNAMED --add-opens=java.base/java.lang.invoke=ALL-UNNAMED --add-opens=java.base/java.util=ALL-UNNAMED --add-opens=java.prefs/java.util.prefs=ALL-UNNAMED --add-opens=java.prefs/java.util.prefs=ALL-UNNAMED --add-opens=java.base/java.nio.charset=ALL-UNNAMED --add-opens=java.base/java.net=ALL-UNNAMED --add-opens=java.base/java.util.concurrent.atomic=ALL-UNNAMED -Xmx2048m -Dfile.encoding=windows-1252 -Duser.country=BR -Duser.language=pt -Duser.variant 
java_command: org.gradle.launcher.daemon.bootstrap.GradleDaemon 7.5.1
java_class_path (initial): C:\Users\roner\.gradle\wrapper\dists\gradle-7.5.1-all\1ehga6e77gqps5uk2kc5kf1vc\gradle-7.5.1\lib\gradle-launcher-7.5.1.jar
Launcher Type: SUN_STANDARD

[Global flags]
     intx CICompilerCount                          = 3                                         {product} {ergonomic}
   size_t CompressedClassSpaceSize                 = 528482304                                 {product} {ergonomic}
     uint ConcGCThreads                            = 1                                         {product} {ergonomic}
     uint G1ConcRefinementThreads                  = 4                                         {product} {ergonomic}
   size_t G1HeapRegionSize                         = 1048576                                   {product} {ergonomic}
    uintx GCDrainStackTargetSize                   = 64                                        {product} {ergonomic}
   size_t InitialHeapSize                          = 130023424                                 {product} {ergonomic}
   size_t MarkStackSize                            = 4194304                                   {product} {ergonomic}
   size_t MaxHeapSize                              = 2147483648                                {product} {command line}
   size_t MaxMetaspaceSize                         = 536870912                                 {product} {command line}
   size_t MaxNewSize                               = 1287651328                                {product} {ergonomic}
   size_t MinHeapDeltaBytes                        = 1048576                                   {product} {ergonomic}
    uintx NonNMethodCodeHeapSize                   = 5830732                                {pd product} {ergonomic}
    uintx NonProfiledCodeHeapSize                  = 122913754                              {pd product} {ergonomic}
    uintx ProfiledCodeHeapSize                     = 122913754                              {pd product} {ergonomic}
    uintx ReservedCodeCacheSize                    = 251658240                              {pd product} {ergonomic}
     bool SegmentedCodeCache                       = true                                      {product} {ergonomic}
     bool UseCompressedClassPointers               = true                                 {lp64_product} {ergonomic}
     bool UseCompressedOops                        = true                                 {lp64_product} {ergonomic}
     bool UseG1GC                                  = true                                      {product} {ergonomic}
     bool UseLargePagesIndividualAllocation        = false                                  {pd product} {ergonomic}

Logging:
Log output configuration:
 #0: stdout all=warning uptime,level,tags
 #1: stderr all=off uptime,level,tags

Environment Variables:
JAVA_HOME=C:\Program Files\Microsoft\jdk-11.0.18.10-hotspot\
CLASSPATH=C:\temp\React Native\VENDAS-ONLINE\android\\gradle\wrapper\gradle-wrapper.jar
PATH=C:\temp\React Native\VENDAS-ONLINE\android\node_modules\.bin;C:\temp\React Native\VENDAS-ONLINE\node_modules\.bin;C:\temp\React Native\node_modules\.bin;C:\temp\node_modules\.bin;C:\node_modules\.bin;C:\Program Files\nodejs;C:\temp\React Native\VENDAS-ONLINE\node_modules\.bin;C:\temp\React Native\VENDAS-ONLINE\node_modules\.bin;C:\temp\React Native\node_modules\.bin;C:\temp\node_modules\.bin;C:\node_modules\.bin;C:\Program Files\nodejs\node_modules\npm\node_modules\@npmcli\run-script\lib\node-gyp-bin;C:\temp\React Native\VENDAS-ONLINE\node_modules\.bin;C:\temp\React Native\node_modules\.bin;C:\temp\node_modules\.bin;C:\node_modules\.bin;C:\Program Files\nodejs;C:\temp\React Native\VENDAS-ONLINE\node_modules\.bin;C:\temp\React Native\node_modules\.bin;C:\temp\node_modules\.bin;C:\node_modules\.bin;C:\Program Files\nodejs\node_modules\npm\node_modules\@npmcli\run-script\lib\node-gyp-bin;C:\Program Files\Microsoft\jdk-11.0.18.10-hotspot\bin;C:\Program Files\Zulu\zulu-17\bin\;C:\Windows\system32;C:\Windows;C:\Windows\System32\Wbem;C:\Windows\System32\WindowsPowerShell\v1.0\;C:\Windows\System32\OpenSSH\;C:\Program Files\nodejs\;C:\ProgramData\chocolatey\bin;C:\Program Files\Git\cmd;C:\Users\roner\AppData\Local\Microsoft\WindowsApps;C:\Users\roner\AppData\Local\Programs\Microsoft VS Code\bin;C:\Users\roner\AppData\Roaming\npm;C:\Program Files\Android\platform-tools;
USERNAME=roner
LANG=en_US.UTF-8
OS=Windows_NT
PROCESSOR_IDENTIFIER=Intel64 Family 6 Model 126 Stepping 5, GenuineIntel
TMP=C:\Users\roner\AppData\Local\Temp
TEMP=C:\Users\roner\AppData\Local\Temp



---------------  S Y S T E M  ---------------

OS: Windows 11 , 64 bit Build 22621 (10.0.22621.1635)
OS uptime: 0 days 0:13 hours

CPU:total 4 (initial active 4) (2 cores per cpu, 2 threads per core) family 6 model 126 stepping 5 microcode 0xa0, cmov, cx8, fxsr, mmx, sse, sse2, sse3, ssse3, sse4.1, sse4.2, popcnt, avx, avx2, aes, clmul, erms, 3dnowpref, lzcnt, ht, tsc, tscinvbit, bmi1, bmi2, adx, evex, sha, fma

Memory: 4k page, system-wide physical 7930M (3048M free)
TotalPageFile size 12211M (AvailPageFile size 1945M)
current process WorkingSet (physical memory assigned to process): 145M, peak: 145M
current process commit charge ("private bytes"): 242M, peak: 248M

vm_info: OpenJDK 64-Bit Server VM (11.0.18+10-LTS) for windows-amd64 JRE (11.0.18+10-LTS), built on Jan 18 2023 15:56:47 by "MicrosoftCorporation" with MS VC++ 15.9 (VS2017)

END.
