#
# A fatal error has been detected by the Java Runtime Environment:
#
#  EXCEPTION_ACCESS_VIOLATION (0xc0000005) at pc=0x00007ff804fb1256, pid=9232, tid=8780
#
# JRE version: OpenJDK Runtime Environment Microsoft-7208460 (11.0.18+10) (build 11.0.18+10-LTS)
# Java VM: OpenJDK 64-Bit Server VM Microsoft-7208460 (11.0.18+10-LTS, mixed mode, tiered, compressed oops, g1 gc, windows-amd64)
# Problematic frame:
# V  [jvm.dll+0x1a1256]
#
# No core dump will be written. Minidumps are not enabled by default on client versions of Windows
#
# If you would like to submit a bug report, please visit:
#   https://github.com/microsoft/openjdk/issues
#

---------------  S U M M A R Y ------------

Command Line: -XX:MaxMetaspaceSize=512m --add-opens=java.base/java.util=ALL-UNNAMED --add-opens=java.base/java.lang=ALL-UNNAMED --add-opens=java.base/java.lang.invoke=ALL-UNNAMED --add-opens=java.base/java.util=ALL-UNNAMED --add-opens=java.prefs/java.util.prefs=ALL-UNNAMED --add-opens=java.prefs/java.util.prefs=ALL-UNNAMED --add-opens=java.base/java.nio.charset=ALL-UNNAMED --add-opens=java.base/java.net=ALL-UNNAMED --add-opens=java.base/java.util.concurrent.atomic=ALL-UNNAMED -Xmx2048m -Dfile.encoding=windows-1252 -Duser.country=BR -Duser.language=pt -Duser.variant org.gradle.launcher.daemon.bootstrap.GradleDaemon 7.5.1

Host: Intel(R) Core(TM) i3-1005G1 CPU @ 1.20GHz, 4 cores, 7G,  Windows 11 , 64 bit Build 22621 (10.0.22621.1635)
Time: Tue Jun 13 12:56:44 2023 Hora oficial do Brasil elapsed time: 263.348087 seconds (0d 0h 4m 23s)

---------------  T H R E A D  ---------------

Current thread (0x000002a0a2f61000):  JavaThread "C2 CompilerThread1" daemon [_thread_in_native, id=8780, stack(0x000000de81100000,0x000000de81200000)]


Current CompileTask:
C2: 263348 12056   !   4       org.gradle.internal.service.DefaultServiceRegistry$ManagedObjectServiceProvider::getInstance (47 bytes)

Stack: [0x000000de81100000,0x000000de81200000],  sp=0x000000de811fb970,  free space=1006k
Native frames: (J=compiled Java code, j=interpreted, Vv=VM code, C=native code)
V  [jvm.dll+0x1a1256]
V  [jvm.dll+0x19ebf3]
V  [jvm.dll+0x209495]
V  [jvm.dll+0x20850d]
V  [jvm.dll+0x18a4b1]
V  [jvm.dll+0x217eec]
V  [jvm.dll+0x21612b]
V  [jvm.dll+0x77bac0]
V  [jvm.dll+0x7749f4]
V  [jvm.dll+0x62adf5]
C  [ucrtbase.dll+0x29363]
C  [KERNEL32.DLL+0x126ad]
C  [ntdll.dll+0x5a9f8]


siginfo: EXCEPTION_ACCESS_VIOLATION (0xc0000005), reading address 0x000002a1a6cbfe38


Register to memory mapping:

RIP=0x00007ff804fb1256 jvm.dll
RAX=0x000002a1a6cbfe28 is an unknown value
RBX=0x000002a0b4564f50 points into unknown readable memory: 0x0000000000000000 | 00 00 00 00 00 00 00 00
RCX=0x000002a0b2cebe20 points into unknown readable memory: 0x00007ff8056afa28 | 28 fa 6a 05 f8 7f 00 00
RDX=0x000002a0b4618910 points into unknown readable memory: 0x0000000000000000 | 00 00 00 00 00 00 00 00
RSP=0x000000de811fb970 is pointing into the stack for thread: 0x000002a0a2f61000
RBP=0x000000de811fbe90 is pointing into the stack for thread: 0x000002a0a2f61000
RSI=0x000002a0b2cebe20 points into unknown readable memory: 0x00007ff8056afa28 | 28 fa 6a 05 f8 7f 00 00
RDI=0x0000000000000001 is an unknown value
R8 =
[error occurred during error reporting (printing register info), id 0xc0000005, EXCEPTION_ACCESS_VIOLATION (0xc0000005) at pc=0x00007ff8050fa806]

Registers:
RAX=0x000002a1a6cbfe28, RBX=0x000002a0b4564f50, RCX=0x000002a0b2cebe20, RDX=0x000002a0b4618910
RSP=0x000000de811fb970, RBP=0x000000de811fbe90, RSI=0x000002a0b2cebe20, RDI=0x0000000000000001
R8 =0x00000000ffffffff, R9 =0x0000000000000000, R10=0x0000000000030003, R11=0x0000000000030003
R12=0x0000000000000001, R13=0x0000000000000001, R14=0x000002a0a856f7d0, R15=0x000002a1a6cbfe28
RIP=0x00007ff804fb1256, EFLAGS=0x0000000000010202

Top of Stack: (sp=0x000000de811fb970)
0x000000de811fb970:   000002a0b44d14d0 000002a0000000ca
0x000000de811fb980:   000002a0ad3970d8 0000000000000000
0x000000de811fb990:   0000016b00000004 00007ff800000002
0x000000de811fb9a0:   000002a0a856f7d0 0000000000000120
0x000000de811fb9b0:   0000000000000000 0000000000000000
0x000000de811fb9c0:   000002a0b461e440 000002a0a36b67a0
0x000000de811fb9d0:   00000000000003d8 000002a0a36b6790
0x000000de811fb9e0:   000002a0a36b6b78 000000de811fbf78
0x000000de811fb9f0:   0000000000000000 000000de811fbb10
0x000000de811fba00:   000000de811fbe90 00007ff804faebf3
0x000000de811fba10:   000000de811fbe90 000000de811fbb01
0x000000de811fba20:   000000de811fbf01 00000000ffffffff
0x000000de811fba30:   00007ff80569aa00 00007ff86bbd480e
0x000000de811fba40:   00007ff800000006 000002a0a36b6790
0x000000de811fba50:   000002a0ac92a120 000002a0ac92fc50
0x000000de811fba60:   000002a0ac932108 0000000000550070 

Instructions: (pc=0x00007ff804fb1256)
0x00007ff804fb1156:   4c 89 64 24 70 4c 89 6c 24 68 44 8d 69 01 4c 89
0x00007ff804fb1166:   74 24 60 4c 89 7c 24 58 0f 29 74 24 40 f2 0f 10
0x00007ff804fb1176:   35 25 f1 6d 00 0f 1f 44 00 00 48 8b 40 30 4c 8b
0x00007ff804fb1186:   34 c8 41 8b c5 4c 89 74 24 30 89 44 24 20 41 83
0x00007ff804fb1196:   7e 28 01 0f 86 7e 05 00 00 90 41 3b 46 18 73 0c
0x00007ff804fb11a6:   8b c8 49 8b 46 20 48 8b 34 c8 eb 02 33 f6 8b 46
0x00007ff804fb11b6:   2c 45 8b e5 24 03 c6 84 24 b0 00 00 00 00 3c 02
0x00007ff804fb11c6:   75 17 48 8b 06 48 8b ce c6 84 24 b0 00 00 00 01
0x00007ff804fb11d6:   ff 90 c0 00 00 00 44 8b e0 48 8b 85 28 01 00 00
0x00007ff804fb11e6:   48 63 4e 28 0f b7 7e 30 83 e7 01 8b 14 88 48 8b
0x00007ff804fb11f6:   45 70 48 8d 1c 92 48 c1 e3 05 48 03 58 20 85 d2
0x00007ff804fb1206:   0f 84 b1 02 00 00 85 ff 74 3a 81 8b 98 00 00 00
0x00007ff804fb1216:   00 10 00 00 48 8b 46 08 48 8b 0c f8 48 8b 85 28
0x00007ff804fb1226:   01 00 00 48 63 51 28 8b 0c 90 48 8b 45 70 48 8d
0x00007ff804fb1236:   14 89 48 c1 e2 05 48 03 50 20 81 8a 98 00 00 00
0x00007ff804fb1246:   00 10 00 00 48 8b 06 48 8b ce ff 50 28 4c 8b f8
0x00007ff804fb1256:   8b 50 10 8d 4a e5 83 f9 01 76 08 8d 4a e2 83 f9
0x00007ff804fb1266:   01 77 07 83 8b 98 00 00 00 02 8b 4e 28 8b c1 c1
0x00007ff804fb1276:   e8 05 3b 85 90 00 00 00 73 5d 8b f8 83 e1 1f 48
0x00007ff804fb1286:   8b 85 98 00 00 00 41 8b d5 d3 e2 8b 04 b8 23 c2
0x00007ff804fb1296:   74 45 44 8b 83 98 00 00 00 41 83 c8 08 44 89 83
0x00007ff804fb12a6:   98 00 00 00 8b 4e 28 8b c1 c1 e8 05 3b 85 b0 00
0x00007ff804fb12b6:   00 00 73 23 8b f8 83 e1 1f 48 8b 85 b8 00 00 00
0x00007ff804fb12c6:   41 8b d5 d3 e2 8b 04 b8 23 c2 74 0b 41 83 c8 10
0x00007ff804fb12d6:   44 89 83 98 00 00 00 48 83 7b 18 00 48 c7 c1 ff
0x00007ff804fb12e6:   ff ff ff 48 8b c6 48 0f 45 c1 48 8b ce 48 89 43
0x00007ff804fb12f6:   18 48 8b 06 ff 50 78 48 8b d0 48 8d 4b 38 4c 8b
0x00007ff804fb1306:   f0 e8 44 d2 ff ff 48 8b 16 48 8b ce ff 52 68 8b
0x00007ff804fb1316:   c8 8b f8 e8 32 2a 4e 00 84 c0 74 07 83 8b 98 00
0x00007ff804fb1326:   00 00 04 8b cf e8 20 2a 4e 00 84 c0 74 14 8b cf
0x00007ff804fb1336:   e8 25 2a 4e 00 8b d0 48 8d 4b 38 e8 4a 29 4e 00
0x00007ff804fb1346:   eb 16 48 8d 4b 38 e8 9f 28 4e 00 85 c0 75 0d 48 


Stack slot to memory mapping:
stack at sp + 0 slots: 0x000002a0b44d14d0 points into unknown readable memory: 0x0000000000000000 | 00 00 00 00 00 00 00 00
stack at sp + 1 slots: 0x000002a0000000ca is an unknown value
stack at sp + 2 slots: 0x000002a0ad3970d8 points into unknown readable memory: 0x0000000000000000 | 00 00 00 00 00 00 00 00
stack at sp + 3 slots: 0x0 is NULL
stack at sp + 4 slots: 0x0000016b00000004 is an unknown value
stack at sp + 5 slots: 0x00007ff800000002 is an unknown value
stack at sp + 6 slots: 0x000002a0a856f7d0 points into unknown readable memory: 0x00007ff80569b718 | 18 b7 69 05 f8 7f 00 00
stack at sp + 7 slots: 0x0000000000000120 is an unknown value


---------------  P R O C E S S  ---------------

Threads class SMR info:
_java_thread_list=0x000002a0a46200d0, length=40, elements={
0x000002a082cb1000, 0x000002a0a1503800, 0x000002a0a1504800, 0x000002a0a1eb3000,
0x000002a0a1514000, 0x000002a0a1515800, 0x000002a0a1516800, 0x000002a0a154d000,
0x000002a0a1eee000, 0x000002a0a1fe0800, 0x000002a0a3823000, 0x000002a0a2395800,
0x000002a0a30ba000, 0x000002a0a39ad000, 0x000002a0a39ad800, 0x000002a0a39b2000,
0x000002a0a39b2800, 0x000002a0a39af800, 0x000002a0a39b1000, 0x000002a0a4bdc800,
0x000002a0a4bdd800, 0x000002a0a4bda000, 0x000002a0a4bdb000, 0x000002a0a4bd8800,
0x000002a0a4bdf000, 0x000002a0a1eca000, 0x000002a0a1ec9000, 0x000002a0a1ec7800,
0x000002a0a1ec6000, 0x000002a0a1ec4000, 0x000002a0a1ec8800, 0x000002a0a1ec6800,
0x000002a0a1eca800, 0x000002a0a1ec5000, 0x000002a0a1ed1800, 0x000002a0a1ecd000,
0x000002a0a1ecb800, 0x000002a0a2f61000, 0x000002a0a1ecf000, 0x000002a0a1ecf800
}

Java Threads: ( => current thread )
  0x000002a082cb1000 JavaThread "main" [_thread_blocked, id=7092, stack(0x000000deff000000,0x000000deff100000)]
  0x000002a0a1503800 JavaThread "Reference Handler" daemon [_thread_blocked, id=13904, stack(0x000000deff700000,0x000000deff800000)]
  0x000002a0a1504800 JavaThread "Finalizer" daemon [_thread_blocked, id=8000, stack(0x000000deff800000,0x000000deff900000)]
  0x000002a0a1eb3000 JavaThread "Signal Dispatcher" daemon [_thread_blocked, id=6120, stack(0x000000deff900000,0x000000deffa00000)]
  0x000002a0a1514000 JavaThread "Attach Listener" daemon [_thread_blocked, id=13288, stack(0x000000deffa00000,0x000000deffb00000)]
  0x000002a0a1515800 JavaThread "Service Thread" daemon [_thread_blocked, id=12980, stack(0x000000deffb00000,0x000000deffc00000)]
  0x000002a0a1516800 JavaThread "C2 CompilerThread0" daemon [_thread_in_native, id=7596, stack(0x000000deffc00000,0x000000deffd00000)]
  0x000002a0a154d000 JavaThread "C1 CompilerThread0" daemon [_thread_blocked, id=11460, stack(0x000000deffd00000,0x000000deffe00000)]
  0x000002a0a1eee000 JavaThread "Sweeper thread" daemon [_thread_blocked, id=2320, stack(0x000000deffe00000,0x000000defff00000)]
  0x000002a0a1fe0800 JavaThread "Common-Cleaner" daemon [_thread_blocked, id=8384, stack(0x000000defff00000,0x000000df00000000)]
  0x000002a0a3823000 JavaThread "Daemon health stats" [_thread_blocked, id=12456, stack(0x000000de80200000,0x000000de80300000)]
  0x000002a0a2395800 JavaThread "Incoming local TCP Connector on port 53745" [_thread_in_native, id=13012, stack(0x000000de80300000,0x000000de80400000)]
  0x000002a0a30ba000 JavaThread "Daemon periodic checks" [_thread_blocked, id=3748, stack(0x000000de80500000,0x000000de80600000)]
  0x000002a0a39ad000 JavaThread "Cache worker for journal cache (C:\Users\roner\.gradle\caches\journal-1)" [_thread_blocked, id=8996, stack(0x000000de80e00000,0x000000de80f00000)]
  0x000002a0a39ad800 JavaThread "File lock request listener" [_thread_in_native, id=6136, stack(0x000000de80f00000,0x000000de81000000)]
  0x000002a0a39b2000 JavaThread "Cache worker for file hash cache (C:\Users\roner\.gradle\caches\7.5.1\fileHashes)" [_thread_blocked, id=5332, stack(0x000000de81000000,0x000000de81100000)]
  0x000002a0a39b2800 JavaThread "File watcher server" daemon [_thread_in_native, id=8984, stack(0x000000de81200000,0x000000de81300000)]
  0x000002a0a39af800 JavaThread "File watcher consumer" daemon [_thread_blocked, id=1148, stack(0x000000de81300000,0x000000de81400000)]
  0x000002a0a39b1000 JavaThread "Cache worker for file content cache (C:\Users\roner\.gradle\caches\7.5.1\fileContent)" [_thread_blocked, id=11076, stack(0x000000de81600000,0x000000de81700000)]
  0x000002a0a4bdc800 JavaThread "Cache worker for execution history cache (C:\Users\roner\.gradle\caches\7.5.1\executionHistory)" [_thread_blocked, id=4336, stack(0x000000de81900000,0x000000de81a00000)]
  0x000002a0a4bdd800 JavaThread "jar transforms" [_thread_blocked, id=9500, stack(0x000000de81a00000,0x000000de81b00000)]
  0x000002a0a4bda000 JavaThread "jar transforms Thread 2" [_thread_blocked, id=8128, stack(0x000000de81b00000,0x000000de81c00000)]
  0x000002a0a4bdb000 JavaThread "jar transforms Thread 3" [_thread_blocked, id=7256, stack(0x000000de81c00000,0x000000de81d00000)]
  0x000002a0a4bd8800 JavaThread "jar transforms Thread 4" [_thread_blocked, id=13972, stack(0x000000de81d00000,0x000000de81e00000)]
  0x000002a0a4bdf000 JavaThread "Cache worker for kotlin-dsl (C:\Users\roner\.gradle\caches\7.5.1\kotlin-dsl)" [_thread_blocked, id=4264, stack(0x000000de81e00000,0x000000de81f00000)]
  0x000002a0a1eca000 JavaThread "Memory manager" [_thread_blocked, id=8048, stack(0x000000de84600000,0x000000de84700000)]
  0x000002a0a1ec9000 JavaThread "Daemon Thread 2" [_thread_blocked, id=6248, stack(0x000000de80400000,0x000000de80500000)]
  0x000002a0a1ec7800 JavaThread "Handler for socket connection from /127.0.0.1:53745 to /127.0.0.1:53896" [_thread_in_native, id=8928, stack(0x000000de80600000,0x000000de80700000)]
  0x000002a0a1ec6000 JavaThread "Cancel handler" [_thread_blocked, id=12636, stack(0x000000de80700000,0x000000de80800000)]
  0x000002a0a1ec4000 JavaThread "Daemon worker Thread 2" [_thread_in_native, id=10556, stack(0x000000de80800000,0x000000de80900000)]
  0x000002a0a1ec8800 JavaThread "Asynchronous log dispatcher for DefaultDaemonConnection: socket connection from /127.0.0.1:53745 to /127.0.0.1:53896" [_thread_blocked, id=7916, stack(0x000000de80900000,0x000000de80a00000)]
  0x000002a0a1ec6800 JavaThread "Stdin handler" [_thread_blocked, id=11044, stack(0x000000de80a00000,0x000000de80b00000)]
  0x000002a0a1eca800 JavaThread "Daemon client event forwarder" [_thread_blocked, id=14480, stack(0x000000de80b00000,0x000000de80c00000)]
  0x000002a0a1ec5000 JavaThread "Cache worker for checksums cache (C:\temp\React Native\VENDAS-ONLINE\android\.gradle\7.5.1\checksums)" [_thread_blocked, id=14304, stack(0x000000de81400000,0x000000de81500000)]
  0x000002a0a1ed1800 JavaThread "Cache worker for cache directory md-rule (C:\Users\roner\.gradle\caches\7.5.1\md-rule)" [_thread_blocked, id=1988, stack(0x000000de81500000,0x000000de81600000)]
  0x000002a0a1ecd000 JavaThread "Cache worker for file hash cache (C:\temp\React Native\VENDAS-ONLINE\android\.gradle\7.5.1\fileHashes)" [_thread_blocked, id=8184, stack(0x000000de81700000,0x000000de81800000)]
  0x000002a0a1ecb800 JavaThread "Cache worker for cache directory md-supplier (C:\Users\roner\.gradle\caches\7.5.1\md-supplier)" [_thread_blocked, id=9392, stack(0x000000de81800000,0x000000de81900000)]
=>0x000002a0a2f61000 JavaThread "C2 CompilerThread1" daemon [_thread_in_native, id=8780, stack(0x000000de81100000,0x000000de81200000)]
  0x000002a0a1ecf000 JavaThread "Cache worker for dependencies-accessors (C:\temp\React Native\VENDAS-ONLINE\android\.gradle\7.5.1\dependencies-accessors)" [_thread_blocked, id=4580, stack(0x000000de81f00000,0x000000de82000000)]
  0x000002a0a1ecf800 JavaThread "Cache worker for Build Output Cleanup Cache (C:\temp\React Native\VENDAS-ONLINE\node_modules\react-native-gradle-plugin\.gradle\buildOutputCleanup)" [_thread_blocked, id=14032, stack(0x000000de82000000,0x000000de82100000)]

Other Threads:
  0x000002a0a14ee000 VMThread "VM Thread" [stack: 0x000000deff600000,0x000000deff700000] [id=6848]
  0x000002a0a2024000 WatcherThread [stack: 0x000000de80000000,0x000000de80100000] [id=15948]
  0x000002a082ccb000 GCTaskThread "GC Thread#0" [stack: 0x000000deff100000,0x000000deff200000] [id=6980]
  0x000002a0a2692800 GCTaskThread "GC Thread#1" [stack: 0x000000de80100000,0x000000de80200000] [id=16300]
  0x000002a0a22c5000 GCTaskThread "GC Thread#2" [stack: 0x000000de80c00000,0x000000de80d00000] [id=6572]
  0x000002a0a22c6000 GCTaskThread "GC Thread#3" [stack: 0x000000de80d00000,0x000000de80e00000] [id=9420]
  0x000002a082cfc800 ConcurrentGCThread "G1 Main Marker" [stack: 0x000000deff200000,0x000000deff300000] [id=12584]
  0x000002a082cfd800 ConcurrentGCThread "G1 Conc#0" [stack: 0x000000deff300000,0x000000deff400000] [id=14896]
  0x000002a082d7e800 ConcurrentGCThread "G1 Refine#0" [stack: 0x000000deff400000,0x000000deff500000] [id=11740]
  0x000002a0a1360800 ConcurrentGCThread "G1 Young RemSet Sampling" [stack: 0x000000deff500000,0x000000deff600000] [id=8968]

Threads with active compile tasks:
C2 CompilerThread0   263391 12053       4       org.gradle.internal.service.DefaultServiceRegistry$ClassInspector::getDetailsForClass (50 bytes)
C2 CompilerThread1   263391 12056   !   4       org.gradle.internal.service.DefaultServiceRegistry$ManagedObjectServiceProvider::getInstance (47 bytes)

VM state:not at safepoint (normal execution)

VM Mutex/Monitor currently owned by a thread: None

OutOfMemory and StackOverflow Exception counts:
StackOverflowErrors=3
LinkageErrors=111

Heap address: 0x0000000080000000, size: 2048 MB, Compressed Oops mode: 32-bit
Narrow klass base: 0x0000000000000000, Narrow klass shift: 3
Compressed class space size: 528482304 Address: 0x0000000100000000

Heap:
 garbage-first heap   total 126976K, used 106841K [0x0000000080000000, 0x0000000100000000)
  region size 1024K, 14 young (14336K), 2 survivors (2048K)
 Metaspace       used 98971K, capacity 101663K, committed 101844K, reserved 604160K
  class space    used 12898K, capacity 13933K, committed 14028K, reserved 516096K
Heap Regions: E=young(eden), S=young(survivor), O=old, HS=humongous(starts), HC=humongous(continues), CS=collection set, F=free, A=archive, TAMS=top-at-mark-start (previous, next)
|   0|0x0000000080000000, 0x0000000080100000, 0x0000000080100000|100%|HS|  |TAMS 0x0000000080100000, 0x0000000080000000| Complete 
|   1|0x0000000080100000, 0x0000000080200000, 0x0000000080200000|100%|HC|  |TAMS 0x0000000080200000, 0x0000000080100000| Complete 
|   2|0x0000000080200000, 0x0000000080300000, 0x0000000080300000|100%|HC|  |TAMS 0x0000000080300000, 0x0000000080200000| Complete 
|   3|0x0000000080300000, 0x0000000080400000, 0x0000000080400000|100%| O|  |TAMS 0x0000000080400000, 0x0000000080300000| Untracked 
|   4|0x0000000080400000, 0x0000000080500000, 0x0000000080500000|100%| O|  |TAMS 0x0000000080500000, 0x0000000080400000| Untracked 
|   5|0x0000000080500000, 0x0000000080600000, 0x0000000080600000|100%| O|  |TAMS 0x0000000080600000, 0x0000000080500000| Untracked 
|   6|0x0000000080600000, 0x0000000080700000, 0x0000000080700000|100%| O|  |TAMS 0x0000000080700000, 0x0000000080600000| Untracked 
|   7|0x0000000080700000, 0x0000000080800000, 0x0000000080800000|100%| O|  |TAMS 0x0000000080800000, 0x0000000080700000| Untracked 
|   8|0x0000000080800000, 0x0000000080900000, 0x0000000080900000|100%| O|  |TAMS 0x0000000080900000, 0x0000000080800000| Untracked 
|   9|0x0000000080900000, 0x0000000080a00000, 0x0000000080a00000|100%| O|  |TAMS 0x0000000080a00000, 0x0000000080900000| Untracked 
|  10|0x0000000080a00000, 0x0000000080b00000, 0x0000000080b00000|100%| O|  |TAMS 0x0000000080b00000, 0x0000000080a00000| Untracked 
|  11|0x0000000080b00000, 0x0000000080c00000, 0x0000000080c00000|100%| O|  |TAMS 0x0000000080c00000, 0x0000000080b00000| Untracked 
|  12|0x0000000080c00000, 0x0000000080d00000, 0x0000000080d00000|100%| O|  |TAMS 0x0000000080d00000, 0x0000000080c00000| Untracked 
|  13|0x0000000080d00000, 0x0000000080e00000, 0x0000000080e00000|100%| O|  |TAMS 0x0000000080e00000, 0x0000000080d00000| Untracked 
|  14|0x0000000080e00000, 0x0000000080f00000, 0x0000000080f00000|100%| O|  |TAMS 0x0000000080f00000, 0x0000000080e00000| Untracked 
|  15|0x0000000080f00000, 0x0000000081000000, 0x0000000081000000|100%| O|  |TAMS 0x0000000081000000, 0x0000000080f00000| Untracked 
|  16|0x0000000081000000, 0x0000000081100000, 0x0000000081100000|100%| O|  |TAMS 0x0000000081100000, 0x0000000081000000| Untracked 
|  17|0x0000000081100000, 0x0000000081200000, 0x0000000081200000|100%| O|  |TAMS 0x0000000081200000, 0x0000000081100000| Untracked 
|  18|0x0000000081200000, 0x0000000081300000, 0x0000000081300000|100%| O|  |TAMS 0x0000000081300000, 0x0000000081200000| Untracked 
|  19|0x0000000081300000, 0x0000000081400000, 0x0000000081400000|100%| O|  |TAMS 0x0000000081400000, 0x0000000081300000| Untracked 
|  20|0x0000000081400000, 0x0000000081500000, 0x0000000081500000|100%| O|  |TAMS 0x0000000081500000, 0x0000000081400000| Untracked 
|  21|0x0000000081500000, 0x0000000081600000, 0x0000000081600000|100%| O|  |TAMS 0x0000000081600000, 0x0000000081500000| Untracked 
|  22|0x0000000081600000, 0x0000000081700000, 0x0000000081700000|100%| O|  |TAMS 0x0000000081700000, 0x0000000081600000| Untracked 
|  23|0x0000000081700000, 0x0000000081800000, 0x0000000081800000|100%| O|  |TAMS 0x0000000081800000, 0x0000000081700000| Untracked 
|  24|0x0000000081800000, 0x0000000081900000, 0x0000000081900000|100%| O|  |TAMS 0x0000000081900000, 0x0000000081800000| Untracked 
|  25|0x0000000081900000, 0x0000000081a00000, 0x0000000081a00000|100%| O|  |TAMS 0x0000000081a00000, 0x0000000081900000| Untracked 
|  26|0x0000000081a00000, 0x0000000081b00000, 0x0000000081b00000|100%| O|  |TAMS 0x0000000081b00000, 0x0000000081a00000| Untracked 
|  27|0x0000000081b00000, 0x0000000081c00000, 0x0000000081c00000|100%|HS|  |TAMS 0x0000000081c00000, 0x0000000081b00000| Complete 
|  28|0x0000000081c00000, 0x0000000081d00000, 0x0000000081d00000|100%|HS|  |TAMS 0x0000000081d00000, 0x0000000081c00000| Complete 
|  29|0x0000000081d00000, 0x0000000081e00000, 0x0000000081e00000|100%|HC|  |TAMS 0x0000000081e00000, 0x0000000081d00000| Complete 
|  30|0x0000000081e00000, 0x0000000081f00000, 0x0000000081f00000|100%|HC|  |TAMS 0x0000000081f00000, 0x0000000081e00000| Complete 
|  31|0x0000000081f00000, 0x0000000082000000, 0x0000000082000000|100%| O|  |TAMS 0x0000000082000000, 0x0000000081f00000| Untracked 
|  32|0x0000000082000000, 0x0000000082100000, 0x0000000082100000|100%| O|  |TAMS 0x0000000082100000, 0x0000000082000000| Untracked 
|  33|0x0000000082100000, 0x0000000082200000, 0x0000000082200000|100%| O|  |TAMS 0x0000000082200000, 0x0000000082100000| Untracked 
|  34|0x0000000082200000, 0x0000000082300000, 0x0000000082300000|100%| O|  |TAMS 0x0000000082300000, 0x0000000082200000| Untracked 
|  35|0x0000000082300000, 0x0000000082400000, 0x0000000082400000|100%| O|  |TAMS 0x0000000082400000, 0x0000000082300000| Untracked 
|  36|0x0000000082400000, 0x0000000082500000, 0x0000000082500000|100%| O|  |TAMS 0x0000000082500000, 0x0000000082400000| Untracked 
|  37|0x0000000082500000, 0x0000000082600000, 0x0000000082600000|100%| O|  |TAMS 0x0000000082600000, 0x0000000082500000| Untracked 
|  38|0x0000000082600000, 0x0000000082700000, 0x0000000082700000|100%| O|  |TAMS 0x0000000082700000, 0x0000000082600000| Untracked 
|  39|0x0000000082700000, 0x0000000082800000, 0x0000000082800000|100%| O|  |TAMS 0x0000000082800000, 0x0000000082700000| Untracked 
|  40|0x0000000082800000, 0x0000000082900000, 0x0000000082900000|100%| O|  |TAMS 0x0000000082900000, 0x0000000082800000| Untracked 
|  41|0x0000000082900000, 0x0000000082a00000, 0x0000000082a00000|100%| O|  |TAMS 0x0000000082a00000, 0x0000000082900000| Untracked 
|  42|0x0000000082a00000, 0x0000000082b00000, 0x0000000082b00000|100%| O|  |TAMS 0x0000000082b00000, 0x0000000082a00000| Untracked 
|  43|0x0000000082b00000, 0x0000000082c00000, 0x0000000082c00000|100%| O|  |TAMS 0x0000000082c00000, 0x0000000082b00000| Untracked 
|  44|0x0000000082c00000, 0x0000000082d00000, 0x0000000082d00000|100%|HS|  |TAMS 0x0000000082d00000, 0x0000000082c00000| Complete 
|  45|0x0000000082d00000, 0x0000000082e00000, 0x0000000082e00000|100%|HS|  |TAMS 0x0000000082e00000, 0x0000000082d00000| Complete 
|  46|0x0000000082e00000, 0x0000000082f00000, 0x0000000082f00000|100%| O|  |TAMS 0x0000000082f00000, 0x0000000082e00000| Untracked 
|  47|0x0000000082f00000, 0x0000000083000000, 0x0000000083000000|100%| O|  |TAMS 0x0000000083000000, 0x0000000082f00000| Untracked 
|  48|0x0000000083000000, 0x0000000083100000, 0x0000000083100000|100%| O|  |TAMS 0x0000000083100000, 0x0000000083000000| Untracked 
|  49|0x0000000083100000, 0x0000000083200000, 0x0000000083200000|100%| O|  |TAMS 0x0000000083200000, 0x0000000083100000| Untracked 
|  50|0x0000000083200000, 0x0000000083300000, 0x0000000083300000|100%|HS|  |TAMS 0x0000000083300000, 0x0000000083200000| Complete 
|  51|0x0000000083300000, 0x0000000083400000, 0x0000000083400000|100%|HC|  |TAMS 0x0000000083400000, 0x0000000083300000| Complete 
|  52|0x0000000083400000, 0x0000000083500000, 0x0000000083500000|100%| O|  |TAMS 0x0000000083500000, 0x0000000083400000| Untracked 
|  53|0x0000000083500000, 0x0000000083600000, 0x0000000083600000|100%| O|  |TAMS 0x0000000083600000, 0x0000000083500000| Untracked 
|  54|0x0000000083600000, 0x0000000083700000, 0x0000000083700000|100%| O|  |TAMS 0x0000000083700000, 0x0000000083600000| Untracked 
|  55|0x0000000083700000, 0x0000000083800000, 0x0000000083800000|100%| O|  |TAMS 0x0000000083800000, 0x0000000083700000| Untracked 
|  56|0x0000000083800000, 0x0000000083900000, 0x0000000083900000|100%| O|  |TAMS 0x0000000083900000, 0x0000000083800000| Untracked 
|  57|0x0000000083900000, 0x0000000083a00000, 0x0000000083a00000|100%| O|  |TAMS 0x0000000083a00000, 0x0000000083900000| Untracked 
|  58|0x0000000083a00000, 0x0000000083b00000, 0x0000000083b00000|100%| O|  |TAMS 0x0000000083b00000, 0x0000000083a00000| Untracked 
|  59|0x0000000083b00000, 0x0000000083c00000, 0x0000000083c00000|100%| O|  |TAMS 0x0000000083c00000, 0x0000000083b00000| Untracked 
|  60|0x0000000083c00000, 0x0000000083d00000, 0x0000000083d00000|100%| O|  |TAMS 0x0000000083d00000, 0x0000000083c00000| Untracked 
|  61|0x0000000083d00000, 0x0000000083e00000, 0x0000000083e00000|100%| O|  |TAMS 0x0000000083e00000, 0x0000000083d00000| Untracked 
|  62|0x0000000083e00000, 0x0000000083f00000, 0x0000000083f00000|100%| O|  |TAMS 0x0000000083f00000, 0x0000000083e00000| Untracked 
|  63|0x0000000083f00000, 0x0000000084000000, 0x0000000084000000|100%| O|  |TAMS 0x0000000084000000, 0x0000000083f00000| Untracked 
|  64|0x0000000084000000, 0x0000000084100000, 0x0000000084100000|100%| O|  |TAMS 0x0000000084100000, 0x0000000084000000| Untracked 
|  65|0x0000000084100000, 0x0000000084200000, 0x0000000084200000|100%| O|  |TAMS 0x0000000084200000, 0x0000000084100000| Untracked 
|  66|0x0000000084200000, 0x0000000084300000, 0x0000000084300000|100%| O|  |TAMS 0x0000000084300000, 0x0000000084200000| Untracked 
|  67|0x0000000084300000, 0x0000000084400000, 0x0000000084400000|100%| O|  |TAMS 0x0000000084400000, 0x0000000084300000| Untracked 
|  68|0x0000000084400000, 0x0000000084500000, 0x0000000084500000|100%| O|  |TAMS 0x0000000084500000, 0x0000000084400000| Untracked 
|  69|0x0000000084500000, 0x0000000084600000, 0x0000000084600000|100%| O|  |TAMS 0x0000000084600000, 0x0000000084500000| Untracked 
|  70|0x0000000084600000, 0x0000000084700000, 0x0000000084700000|100%| O|  |TAMS 0x0000000084700000, 0x0000000084600000| Untracked 
|  71|0x0000000084700000, 0x0000000084800000, 0x0000000084800000|100%| O|  |TAMS 0x0000000084800000, 0x0000000084700000| Untracked 
|  72|0x0000000084800000, 0x0000000084900000, 0x0000000084900000|100%| O|  |TAMS 0x0000000084900000, 0x0000000084800000| Untracked 
|  73|0x0000000084900000, 0x0000000084a00000, 0x0000000084a00000|100%| O|  |TAMS 0x0000000084a00000, 0x0000000084900000| Untracked 
|  74|0x0000000084a00000, 0x0000000084b00000, 0x0000000084b00000|100%| O|  |TAMS 0x0000000084b00000, 0x0000000084a00000| Untracked 
|  75|0x0000000084b00000, 0x0000000084c00000, 0x0000000084c00000|100%| O|  |TAMS 0x0000000084c00000, 0x0000000084b00000| Untracked 
|  76|0x0000000084c00000, 0x0000000084d00000, 0x0000000084d00000|100%| O|  |TAMS 0x0000000084d00000, 0x0000000084c00000| Untracked 
|  77|0x0000000084d00000, 0x0000000084e00000, 0x0000000084e00000|100%| O|  |TAMS 0x0000000084e00000, 0x0000000084d00000| Untracked 
|  78|0x0000000084e00000, 0x0000000084f00000, 0x0000000084f00000|100%| O|  |TAMS 0x0000000084f00000, 0x0000000084e00000| Untracked 
|  79|0x0000000084f00000, 0x0000000085000000, 0x0000000085000000|100%| O|  |TAMS 0x0000000085000000, 0x0000000084f00000| Untracked 
|  80|0x0000000085000000, 0x0000000085100000, 0x0000000085100000|100%| O|  |TAMS 0x0000000085100000, 0x0000000085000000| Untracked 
|  81|0x0000000085100000, 0x0000000085200000, 0x0000000085200000|100%| O|  |TAMS 0x0000000085200000, 0x0000000085100000| Untracked 
|  82|0x0000000085200000, 0x0000000085300000, 0x0000000085300000|100%| O|  |TAMS 0x0000000085300000, 0x0000000085200000| Untracked 
|  83|0x0000000085300000, 0x0000000085400000, 0x0000000085400000|100%| O|  |TAMS 0x0000000085400000, 0x0000000085300000| Untracked 
|  84|0x0000000085400000, 0x0000000085500000, 0x0000000085500000|100%| O|  |TAMS 0x0000000085500000, 0x0000000085400000| Untracked 
|  85|0x0000000085500000, 0x0000000085600000, 0x0000000085600000|100%| O|  |TAMS 0x0000000085600000, 0x0000000085500000| Untracked 
|  86|0x0000000085600000, 0x0000000085700000, 0x0000000085700000|100%| O|  |TAMS 0x0000000085700000, 0x0000000085600000| Untracked 
|  87|0x0000000085700000, 0x0000000085800000, 0x0000000085800000|100%| O|  |TAMS 0x0000000085800000, 0x0000000085700000| Untracked 
|  88|0x0000000085800000, 0x0000000085900000, 0x0000000085900000|100%| O|  |TAMS 0x0000000085900000, 0x0000000085800000| Untracked 
|  89|0x0000000085900000, 0x0000000085a00000, 0x0000000085a00000|100%| O|  |TAMS 0x0000000085a00000, 0x0000000085900000| Untracked 
|  90|0x0000000085a00000, 0x0000000085b00000, 0x0000000085b00000|100%| O|  |TAMS 0x0000000085b00000, 0x0000000085a00000| Untracked 
|  91|0x0000000085b00000, 0x0000000085b3e000, 0x0000000085c00000| 24%| O|  |TAMS 0x0000000085b3e000, 0x0000000085b00000| Untracked 
|  92|0x0000000085c00000, 0x0000000085c00000, 0x0000000085d00000|  0%| F|  |TAMS 0x0000000085c00000, 0x0000000085c00000| Untracked 
|  93|0x0000000085d00000, 0x0000000085d00000, 0x0000000085e00000|  0%| F|  |TAMS 0x0000000085d00000, 0x0000000085d00000| Untracked 
|  94|0x0000000085e00000, 0x0000000085f00000, 0x0000000085f00000|100%| O|  |TAMS 0x0000000085f00000, 0x0000000085e00000| Untracked 
|  95|0x0000000085f00000, 0x0000000085f00000, 0x0000000086000000|  0%| F|  |TAMS 0x0000000085f00000, 0x0000000085f00000| Untracked 
|  96|0x0000000086000000, 0x0000000086000000, 0x0000000086100000|  0%| F|  |TAMS 0x0000000086000000, 0x0000000086000000| Untracked 
|  97|0x0000000086100000, 0x0000000086100000, 0x0000000086200000|  0%| F|  |TAMS 0x0000000086100000, 0x0000000086100000| Untracked 
|  98|0x0000000086200000, 0x0000000086200000, 0x0000000086300000|  0%| F|  |TAMS 0x0000000086200000, 0x0000000086200000| Untracked 
|  99|0x0000000086300000, 0x0000000086300000, 0x0000000086400000|  0%| F|  |TAMS 0x0000000086300000, 0x0000000086300000| Untracked 
| 100|0x0000000086400000, 0x0000000086400000, 0x0000000086500000|  0%| F|  |TAMS 0x0000000086400000, 0x0000000086400000| Untracked 
| 101|0x0000000086500000, 0x0000000086500000, 0x0000000086600000|  0%| F|  |TAMS 0x0000000086500000, 0x0000000086500000| Untracked 
| 102|0x0000000086600000, 0x0000000086600000, 0x0000000086700000|  0%| F|  |TAMS 0x0000000086600000, 0x0000000086600000| Untracked 
| 103|0x0000000086700000, 0x0000000086700000, 0x0000000086800000|  0%| F|  |TAMS 0x0000000086700000, 0x0000000086700000| Untracked 
| 104|0x0000000086800000, 0x0000000086800000, 0x0000000086900000|  0%| F|  |TAMS 0x0000000086800000, 0x0000000086800000| Untracked 
| 105|0x0000000086900000, 0x0000000086900000, 0x0000000086a00000|  0%| F|  |TAMS 0x0000000086900000, 0x0000000086900000| Untracked 
| 106|0x0000000086a00000, 0x0000000086a00000, 0x0000000086b00000|  0%| F|  |TAMS 0x0000000086a00000, 0x0000000086a00000| Untracked 
| 107|0x0000000086b00000, 0x0000000086b00000, 0x0000000086c00000|  0%| F|  |TAMS 0x0000000086b00000, 0x0000000086b00000| Untracked 
| 108|0x0000000086c00000, 0x0000000086c184f0, 0x0000000086d00000|  9%| S|CS|TAMS 0x0000000086c00000, 0x0000000086c00000| Complete 
| 109|0x0000000086d00000, 0x0000000086e00000, 0x0000000086e00000|100%| S|CS|TAMS 0x0000000086d00000, 0x0000000086d00000| Complete 
| 110|0x0000000086e00000, 0x0000000086e00000, 0x0000000086f00000|  0%| F|  |TAMS 0x0000000086e00000, 0x0000000086e00000| Untracked 
| 111|0x0000000086f00000, 0x0000000086f00000, 0x0000000087000000|  0%| F|  |TAMS 0x0000000086f00000, 0x0000000086f00000| Untracked 
| 112|0x0000000087000000, 0x000000008703f9d0, 0x0000000087100000| 24%| E|  |TAMS 0x0000000087000000, 0x0000000087000000| Complete 
| 113|0x0000000087100000, 0x0000000087200000, 0x0000000087200000|100%| E|CS|TAMS 0x0000000087100000, 0x0000000087100000| Complete 
| 114|0x0000000087200000, 0x0000000087300000, 0x0000000087300000|100%| E|CS|TAMS 0x0000000087200000, 0x0000000087200000| Complete 
| 115|0x0000000087300000, 0x0000000087400000, 0x0000000087400000|100%| E|CS|TAMS 0x0000000087300000, 0x0000000087300000| Complete 
| 116|0x0000000087400000, 0x0000000087500000, 0x0000000087500000|100%| E|CS|TAMS 0x0000000087400000, 0x0000000087400000| Complete 
| 117|0x0000000087500000, 0x0000000087600000, 0x0000000087600000|100%| E|CS|TAMS 0x0000000087500000, 0x0000000087500000| Complete 
| 118|0x0000000087600000, 0x0000000087700000, 0x0000000087700000|100%| E|CS|TAMS 0x0000000087600000, 0x0000000087600000| Complete 
| 119|0x0000000087700000, 0x0000000087800000, 0x0000000087800000|100%| E|CS|TAMS 0x0000000087700000, 0x0000000087700000| Complete 
| 120|0x0000000087800000, 0x0000000087900000, 0x0000000087900000|100%| E|CS|TAMS 0x0000000087800000, 0x0000000087800000| Complete 
| 121|0x0000000087900000, 0x0000000087a00000, 0x0000000087a00000|100%| E|CS|TAMS 0x0000000087900000, 0x0000000087900000| Complete 
| 122|0x0000000087a00000, 0x0000000087b00000, 0x0000000087b00000|100%| E|CS|TAMS 0x0000000087a00000, 0x0000000087a00000| Complete 
| 123|0x0000000087b00000, 0x0000000087c00000, 0x0000000087c00000|100%| E|CS|TAMS 0x0000000087b00000, 0x0000000087b00000| Complete 

Card table byte_map: [0x000002a09a820000,0x000002a09ac20000] _byte_map_base: 0x000002a09a420000

Marking Bits (Prev, Next): (CMBitMap*) 0x000002a082cf3c00, (CMBitMap*) 0x000002a082cf3bc8
 Prev Bits: [0x000002a09d020000, 0x000002a09f020000)
 Next Bits: [0x000002a09b020000, 0x000002a09d020000)

Polling page: 0x000002a080b80000

Metaspace:

Usage:
  Non-class:     85.67 MB capacity,    84.06 MB ( 98%) used,     1.33 MB (  2%) free+waste,   298.56 KB ( <1%) overhead. 
      Class:     13.61 MB capacity,    12.60 MB ( 93%) used,   899.95 KB (  6%) free+waste,   135.00 KB ( <1%) overhead. 
       Both:     99.28 MB capacity,    96.65 MB ( 97%) used,     2.20 MB (  2%) free+waste,   433.56 KB ( <1%) overhead. 

Virtual space:
  Non-class space:       86.00 MB reserved,      85.76 MB (>99%) committed 
      Class space:      504.00 MB reserved,      13.70 MB (  3%) committed 
             Both:      590.00 MB reserved,      99.46 MB ( 17%) committed 

Chunk freelists:
   Non-Class:  22.00 KB
       Class:  0 bytes
        Both:  22.00 KB

MaxMetaspaceSize: 512.00 MB
CompressedClassSpaceSize: 504.00 MB
Initial GC threshold: 20.80 MB
Current GC threshold: 165.76 MB
CDS: off

CodeHeap 'non-profiled nmethods': size=120064Kb used=7220Kb max_used=7220Kb free=112843Kb
 bounds [0x000002a092ee0000, 0x000002a0935f0000, 0x000002a09a420000]
CodeHeap 'profiled nmethods': size=120000Kb used=25567Kb max_used=25567Kb free=94432Kb
 bounds [0x000002a08b9b0000, 0x000002a08d2b0000, 0x000002a092ee0000]
CodeHeap 'non-nmethods': size=5696Kb used=2406Kb max_used=2456Kb free=3289Kb
 bounds [0x000002a08b420000, 0x000002a08b6a0000, 0x000002a08b9b0000]
 total_blobs=12903 nmethods=11979 adapters=836
 compilation: enabled
              stopped_count=0, restarted_count=0
 full_count=0

Compilation events (20 events):
Event: 263.171 Thread 0x000002a0a154d000 12109       3       org.gradle.internal.service.DefaultServiceRegistry::<init> (9 bytes)
Event: 263.171 Thread 0x000002a0a154d000 nmethod 12109 0x000002a08d2a3610 code [0x000002a08d2a37c0, 0x000002a08d2a3908]
Event: 263.189 Thread 0x000002a0a154d000 12118       3       org.gradle.api.internal.artifacts.ivyservice.resolveengine.graph.builder.ResolveState$$Lambda$617/0x00000001006b1c40::apply (24 bytes)
Event: 263.190 Thread 0x000002a0a154d000 nmethod 12118 0x000002a08d2a3990 code [0x000002a08d2a3b80, 0x000002a08d2a4078]
Event: 263.190 Thread 0x000002a0a154d000 12122       3       org.gradle.api.internal.artifacts.ivyservice.resolveengine.ComponentResolversChain$ComponentMetaDataResolverChain::resolve (57 bytes)
Event: 263.190 Thread 0x000002a0a154d000 nmethod 12122 0x000002a08d2a4210 code [0x000002a08d2a4420, 0x000002a08d2a4b08]
Event: 263.190 Thread 0x000002a0a154d000 12119       3       org.gradle.api.internal.artifacts.ivyservice.resolveengine.graph.builder.ResolveState::lambda$getNode$1 (24 bytes)
Event: 263.190 Thread 0x000002a0a154d000 nmethod 12119 0x000002a08d2a4d10 code [0x000002a08d2a4ee0, 0x000002a08d2a5258]
Event: 263.190 Thread 0x000002a0a154d000 12120       3       org.gradle.internal.component.model.DefaultSelectedByVariantMatchingConfigurationMetadata::isTransitive (10 bytes)
Event: 263.191 Thread 0x000002a0a154d000 nmethod 12120 0x000002a08d2a5390 code [0x000002a08d2a5540, 0x000002a08d2a5708]
Event: 263.191 Thread 0x000002a0a154d000 12121       3       org.gradle.api.internal.artifacts.ivyservice.clientmodule.ClientModuleResolver::resolve (88 bytes)
Event: 263.191 Thread 0x000002a0a154d000 nmethod 12121 0x000002a08d2a5810 code [0x000002a08d2a5a60, 0x000002a08d2a62c8]
Event: 263.191 Thread 0x000002a0a154d000 12123       3       org.gradle.api.internal.artifacts.ivyservice.resolveengine.VirtualComponentMetadataResolver::resolve (25 bytes)
Event: 263.191 Thread 0x000002a0a154d000 nmethod 12123 0x000002a08d2a6610 code [0x000002a08d2a6800, 0x000002a08d2a6d48]
Event: 263.191 Thread 0x000002a0a154d000 12124       1       com.google.common.collect.RegularImmutableSet::hashCode (5 bytes)
Event: 263.191 Thread 0x000002a0a154d000 nmethod 12124 0x000002a0935ed010 code [0x000002a0935ed1c0, 0x000002a0935ed278]
Event: 263.192 Thread 0x000002a0a154d000 12125       3       org.gradle.api.internal.artifacts.ivyservice.resolveengine.graph.builder.ModuleResolveState::maybeUpdateSelection (119 bytes)
Event: 263.193 Thread 0x000002a0a154d000 nmethod 12125 0x000002a08d2a6e10 code [0x000002a08d2a7060, 0x000002a08d2a7998]
Event: 263.193 Thread 0x000002a0a154d000 12126       3       org.gradle.api.internal.artifacts.ivyservice.resolveengine.graph.builder.ModuleSelectors::checkDeferSelection (16 bytes)
Event: 263.193 Thread 0x000002a0a154d000 nmethod 12126 0x000002a08d2a7c10 code [0x000002a08d2a7dc0, 0x000002a08d2a7f18]

GC Heap History (20 events):
Event: 69.453 GC heap before
{Heap before GC invocations=36 (full 0):
 garbage-first heap   total 126976K, used 106898K [0x0000000080000000, 0x0000000100000000)
  region size 1024K, 29 young (29696K), 4 survivors (4096K)
 Metaspace       used 96461K, capacity 98969K, committed 99284K, reserved 602112K
  class space    used 12654K, capacity 13648K, committed 13772K, reserved 516096K
}
Event: 69.469 GC heap after
{Heap after GC invocations=37 (full 0):
 garbage-first heap   total 126976K, used 84425K [0x0000000080000000, 0x0000000100000000)
  region size 1024K, 4 young (4096K), 4 survivors (4096K)
 Metaspace       used 96461K, capacity 98969K, committed 99284K, reserved 602112K
  class space    used 12654K, capacity 13648K, committed 13772K, reserved 516096K
}
Event: 69.916 GC heap before
{Heap before GC invocations=37 (full 0):
 garbage-first heap   total 126976K, used 106953K [0x0000000080000000, 0x0000000100000000)
  region size 1024K, 27 young (27648K), 4 survivors (4096K)
 Metaspace       used 97245K, capacity 99793K, committed 100052K, reserved 604160K
  class space    used 12751K, capacity 13765K, committed 13772K, reserved 516096K
}
Event: 69.928 GC heap after
{Heap after GC invocations=38 (full 0):
 garbage-first heap   total 126976K, used 87094K [0x0000000080000000, 0x0000000100000000)
  region size 1024K, 3 young (3072K), 3 survivors (3072K)
 Metaspace       used 97245K, capacity 99793K, committed 100052K, reserved 604160K
  class space    used 12751K, capacity 13765K, committed 13772K, reserved 516096K
}
Event: 70.417 GC heap before
{Heap before GC invocations=39 (full 0):
 garbage-first heap   total 126976K, used 106550K [0x0000000080000000, 0x0000000100000000)
  region size 1024K, 23 young (23552K), 3 survivors (3072K)
 Metaspace       used 97493K, capacity 100082K, committed 100180K, reserved 604160K
  class space    used 12764K, capacity 13813K, committed 13900K, reserved 516096K
}
Event: 70.423 GC heap after
{Heap after GC invocations=40 (full 0):
 garbage-first heap   total 126976K, used 87898K [0x0000000080000000, 0x0000000100000000)
  region size 1024K, 2 young (2048K), 2 survivors (2048K)
 Metaspace       used 97493K, capacity 100082K, committed 100180K, reserved 604160K
  class space    used 12764K, capacity 13813K, committed 13900K, reserved 516096K
}
Event: 70.956 GC heap before
{Heap before GC invocations=40 (full 0):
 garbage-first heap   total 126976K, used 106330K [0x0000000080000000, 0x0000000100000000)
  region size 1024K, 21 young (21504K), 2 survivors (2048K)
 Metaspace       used 98006K, capacity 100604K, committed 100692K, reserved 604160K
  class space    used 12833K, capacity 13850K, committed 13900K, reserved 516096K
}
Event: 70.965 GC heap after
{Heap after GC invocations=41 (full 0):
 garbage-first heap   total 126976K, used 88997K [0x0000000080000000, 0x0000000100000000)
  region size 1024K, 3 young (3072K), 3 survivors (3072K)
 Metaspace       used 98006K, capacity 100604K, committed 100692K, reserved 604160K
  class space    used 12833K, capacity 13850K, committed 13900K, reserved 516096K
}
Event: 71.314 GC heap before
{Heap before GC invocations=42 (full 0):
 garbage-first heap   total 126976K, used 108453K [0x0000000080000000, 0x0000000100000000)
  region size 1024K, 22 young (22528K), 3 survivors (3072K)
 Metaspace       used 98069K, capacity 100554K, committed 100692K, reserved 604160K
  class space    used 12820K, capacity 13826K, committed 13900K, reserved 516096K
}
Event: 71.321 GC heap after
{Heap after GC invocations=43 (full 0):
 garbage-first heap   total 126976K, used 91519K [0x0000000080000000, 0x0000000100000000)
  region size 1024K, 3 young (3072K), 3 survivors (3072K)
 Metaspace       used 98069K, capacity 100554K, committed 100692K, reserved 604160K
  class space    used 12820K, capacity 13826K, committed 13900K, reserved 516096K
}
Event: 71.866 GC heap before
{Heap before GC invocations=43 (full 0):
 garbage-first heap   total 126976K, used 106879K [0x0000000080000000, 0x0000000100000000)
  region size 1024K, 19 young (19456K), 3 survivors (3072K)
 Metaspace       used 98078K, capacity 100554K, committed 100692K, reserved 604160K
  class space    used 12821K, capacity 13826K, committed 13900K, reserved 516096K
}
Event: 71.871 GC heap after
{Heap after GC invocations=44 (full 0):
 garbage-first heap   total 126976K, used 92489K [0x0000000080000000, 0x0000000100000000)
  region size 1024K, 1 young (1024K), 1 survivors (1024K)
 Metaspace       used 98078K, capacity 100554K, committed 100692K, reserved 604160K
  class space    used 12821K, capacity 13826K, committed 13900K, reserved 516096K
}
Event: 72.318 GC heap before
{Heap before GC invocations=45 (full 0):
 garbage-first heap   total 126976K, used 107849K [0x0000000080000000, 0x0000000100000000)
  region size 1024K, 16 young (16384K), 1 survivors (1024K)
 Metaspace       used 98072K, capacity 100544K, committed 100692K, reserved 604160K
  class space    used 12819K, capacity 13822K, committed 13900K, reserved 516096K
}
Event: 72.321 GC heap after
{Heap after GC invocations=46 (full 0):
 garbage-first heap   total 126976K, used 93100K [0x0000000080000000, 0x0000000100000000)
  region size 1024K, 2 young (2048K), 2 survivors (2048K)
 Metaspace       used 98072K, capacity 100544K, committed 100692K, reserved 604160K
  class space    used 12819K, capacity 13822K, committed 13900K, reserved 516096K
}
Event: 72.526 GC heap before
{Heap before GC invocations=46 (full 0):
 garbage-first heap   total 126976K, used 102316K [0x0000000080000000, 0x0000000100000000)
  region size 1024K, 12 young (12288K), 2 survivors (2048K)
 Metaspace       used 98081K, capacity 100609K, committed 100948K, reserved 604160K
  class space    used 12819K, capacity 13822K, committed 13900K, reserved 516096K
}
Event: 72.530 GC heap after
{Heap after GC invocations=47 (full 0):
 garbage-first heap   total 126976K, used 93438K [0x0000000080000000, 0x0000000100000000)
  region size 1024K, 2 young (2048K), 2 survivors (2048K)
 Metaspace       used 98081K, capacity 100609K, committed 100948K, reserved 604160K
  class space    used 12819K, capacity 13822K, committed 13900K, reserved 516096K
}
Event: 73.104 GC heap before
{Heap before GC invocations=48 (full 0):
 garbage-first heap   total 126976K, used 110846K [0x0000000080000000, 0x0000000100000000)
  region size 1024K, 16 young (16384K), 2 survivors (2048K)
 Metaspace       used 98505K, capacity 101007K, committed 101204K, reserved 604160K
  class space    used 12862K, capacity 13877K, committed 13900K, reserved 516096K
}
Event: 73.108 GC heap after
{Heap after GC invocations=49 (full 0):
 garbage-first heap   total 126976K, used 94651K [0x0000000080000000, 0x0000000100000000)
  region size 1024K, 2 young (2048K), 2 survivors (2048K)
 Metaspace       used 98505K, capacity 101007K, committed 101204K, reserved 604160K
  class space    used 12862K, capacity 13877K, committed 13900K, reserved 516096K
}
Event: 262.829 GC heap before
{Heap before GC invocations=49 (full 0):
 garbage-first heap   total 126976K, used 107963K [0x0000000080000000, 0x0000000100000000)
  region size 1024K, 16 young (16384K), 2 survivors (2048K)
 Metaspace       used 98862K, capacity 101434K, committed 101588K, reserved 604160K
  class space    used 12885K, capacity 13909K, committed 14028K, reserved 516096K
}
Event: 262.834 GC heap after
{Heap after GC invocations=50 (full 0):
 garbage-first heap   total 126976K, used 95577K [0x0000000080000000, 0x0000000100000000)
  region size 1024K, 2 young (2048K), 2 survivors (2048K)
 Metaspace       used 98862K, capacity 101434K, committed 101588K, reserved 604160K
  class space    used 12885K, capacity 13909K, committed 14028K, reserved 516096K
}

Deoptimization events (20 events):
Event: 262.954 Thread 0x000002a0a1ec4000 Uncommon trap: trap_request=0xffffffbe fr.pc=0x000002a0935cce98 relative=0x00000000000003b8
Event: 262.954 Thread 0x000002a0a1ec4000 Uncommon trap: reason=profile_predicate action=maybe_recompile pc=0x000002a0935cce98 method=java.util.stream.ReferencePipeline$7$1.accept(Ljava/lang/Object;)V @ 73 c2
Event: 262.954 Thread 0x000002a0a1ec4000 DEOPT PACKING pc=0x000002a0935cce98 sp=0x000000de808f9620
Event: 262.954 Thread 0x000002a0a1ec4000 DEOPT UNPACKING pc=0x000002a08b4285af sp=0x000000de808f95b8 mode 2
Event: 262.993 Thread 0x000002a0a1ec4000 DEOPT PACKING pc=0x000002a08c341371 sp=0x000000de808f82a0
Event: 262.993 Thread 0x000002a0a1ec4000 DEOPT UNPACKING pc=0x000002a08b469d0e sp=0x000000de808f7798 mode 0
Event: 262.996 Thread 0x000002a0a1ec4000 DEOPT PACKING pc=0x000002a08c341371 sp=0x000000de808f8230
Event: 262.996 Thread 0x000002a0a1ec4000 DEOPT UNPACKING pc=0x000002a08b469d0e sp=0x000000de808f7728 mode 0
Event: 262.996 Thread 0x000002a0a1ec4000 DEOPT PACKING pc=0x000002a08c341371 sp=0x000000de808f7fe0
Event: 262.996 Thread 0x000002a0a1ec4000 DEOPT UNPACKING pc=0x000002a08b469d0e sp=0x000000de808f74d8 mode 0
Event: 262.997 Thread 0x000002a0a1ec4000 DEOPT PACKING pc=0x000002a08c341371 sp=0x000000de808f7fe0
Event: 262.997 Thread 0x000002a0a1ec4000 DEOPT UNPACKING pc=0x000002a08b469d0e sp=0x000000de808f74d8 mode 0
Event: 262.999 Thread 0x000002a0a1ec4000 Uncommon trap: trap_request=0xffffffde fr.pc=0x000002a093522808 relative=0x00000000000007e8
Event: 262.999 Thread 0x000002a0a1ec4000 Uncommon trap: reason=class_check action=maybe_recompile pc=0x000002a093522808 method=com.google.common.cache.LocalCache$Segment.setValue(Lcom/google/common/cache/ReferenceEntry;Ljava/lang/Object;Ljava/lang/Object;J)V @ 51 c2
Event: 262.999 Thread 0x000002a0a1ec4000 DEOPT PACKING pc=0x000002a093522808 sp=0x000000de808fa0f0
Event: 262.999 Thread 0x000002a0a1ec4000 DEOPT UNPACKING pc=0x000002a08b4285af sp=0x000000de808fa088 mode 2
Event: 263.059 Thread 0x000002a0a1ec4000 Uncommon trap: trap_request=0xffffffc6 fr.pc=0x000002a092ffaef8 relative=0x0000000000000218
Event: 263.059 Thread 0x000002a0a1ec4000 Uncommon trap: reason=bimorphic_or_optimized_type_check action=maybe_recompile pc=0x000002a092ffaef8 method=com.google.common.base.CharMatcher.indexIn(Ljava/lang/CharSequence;I)I @ 31 c2
Event: 263.059 Thread 0x000002a0a1ec4000 DEOPT PACKING pc=0x000002a092ffaef8 sp=0x000000de808f8aa0
Event: 263.059 Thread 0x000002a0a1ec4000 DEOPT UNPACKING pc=0x000002a08b4285af sp=0x000000de808f8a48 mode 2

Classes redefined (0 events):
No events

Internal exceptions (20 events):
Event: 72.581 Thread 0x000002a0a1ecd000 Exception <a 'java/lang/StackOverflowError'{0x0000000087849a58}> (0x0000000087849a58) thrown at [./src/hotspot/share/runtime/sharedRuntime.cpp, line 606]
Event: 72.590 Thread 0x000002a0a1ed1800 StackOverflowError at 0x000002a08c21dc60
Event: 72.590 Thread 0x000002a0a1ed1800 Exception <a 'java/lang/StackOverflowError'{0x00000000878c1378}> (0x00000000878c1378) thrown at [./src/hotspot/share/runtime/sharedRuntime.cpp, line 606]
Event: 72.603 Thread 0x000002a0a1ecf000 StackOverflowError at 0x000002a08c21dc60
Event: 72.603 Thread 0x000002a0a1ecf000 Exception <a 'java/lang/StackOverflowError'{0x0000000087721140}> (0x0000000087721140) thrown at [./src/hotspot/share/runtime/sharedRuntime.cpp, line 606]
Event: 73.483 Thread 0x000002a0a2f61000 Exception <a 'java/lang/NoSuchMethodError'{0x000000008744bfe8}: <clinit>> (0x000000008744bfe8) thrown at [./src/hotspot/share/prims/jni.cpp, line 1367]
Event: 73.485 Thread 0x000002a0a2f61000 Exception <a 'java/lang/NoSuchMethodError'{0x000000008744db80}: <clinit>> (0x000000008744db80) thrown at [./src/hotspot/share/prims/jni.cpp, line 1367]
Event: 73.485 Thread 0x000002a0a2f61000 Exception <a 'java/lang/NoSuchMethodError'{0x0000000087450d78}: <clinit>> (0x0000000087450d78) thrown at [./src/hotspot/share/prims/jni.cpp, line 1367]
Event: 73.488 Thread 0x000002a0a2f61000 Exception <a 'java/lang/NoSuchMethodError'{0x0000000087452a10}: <clinit>> (0x0000000087452a10) thrown at [./src/hotspot/share/prims/jni.cpp, line 1367]
Event: 73.502 Thread 0x000002a0a2f61000 Exception <a 'java/lang/NoSuchMethodError'{0x000000008748b228}: <clinit>> (0x000000008748b228) thrown at [./src/hotspot/share/prims/jni.cpp, line 1367]
Event: 73.503 Thread 0x000002a0a2f61000 Exception <a 'java/lang/NoSuchMethodError'{0x0000000087490140}: <clinit>> (0x0000000087490140) thrown at [./src/hotspot/share/prims/jni.cpp, line 1367]
Event: 73.509 Thread 0x000002a0a2f61000 Exception <a 'java/io/IOException'{0x00000000874b18f0}> (0x00000000874b18f0) thrown at [./src/hotspot/share/prims/jni.cpp, line 617]
Event: 73.509 Thread 0x000002a0a2f61000 Exception <a 'java/lang/reflect/InvocationTargetException'{0x00000000874b2a98}> (0x00000000874b2a98) thrown at [./src/hotspot/share/runtime/reflection.cpp, line 1247]
Event: 73.509 Thread 0x000002a0a2f61000 Exception <a 'java/lang/reflect/InvocationTargetException'{0x00000000874b32b8}> (0x00000000874b32b8) thrown at [./src/hotspot/share/runtime/reflection.cpp, line 1247]
Event: 73.509 Thread 0x000002a0a2f61000 Exception <a 'java/io/IOException'{0x00000000874b38a0}> (0x00000000874b38a0) thrown at [./src/hotspot/share/prims/jni.cpp, line 617]
Event: 73.509 Thread 0x000002a0a2f61000 Exception <a 'java/lang/reflect/InvocationTargetException'{0x00000000874b47a0}> (0x00000000874b47a0) thrown at [./src/hotspot/share/runtime/reflection.cpp, line 1247]
Event: 73.509 Thread 0x000002a0a2f61000 Exception <a 'java/lang/reflect/InvocationTargetException'{0x00000000874b4d18}> (0x00000000874b4d18) thrown at [./src/hotspot/share/runtime/reflection.cpp, line 1247]
Event: 73.509 Thread 0x000002a0a2f61000 Exception <a 'java/io/IOException'{0x00000000874b5300}> (0x00000000874b5300) thrown at [./src/hotspot/share/prims/jni.cpp, line 617]
Event: 73.518 Thread 0x000002a0a2f61000 Exception <a 'java/io/IOException'{0x00000000874da180}> (0x00000000874da180) thrown at [./src/hotspot/share/prims/jni.cpp, line 617]
Event: 73.519 Thread 0x000002a0a2f61000 Exception <a 'java/io/IOException'{0x00000000874e1aa8}> (0x00000000874e1aa8) thrown at [./src/hotspot/share/prims/jni.cpp, line 617]

Events (20 events):
Event: 263.028 Executing VM operation: CGC_Operation done
Event: 263.045 Executing VM operation: RevokeBias
Event: 263.045 Executing VM operation: RevokeBias done
Event: 263.045 Executing VM operation: RevokeBias
Event: 263.046 Executing VM operation: RevokeBias done
Event: 263.048 Executing VM operation: RevokeBias
Event: 263.048 Executing VM operation: RevokeBias done
Event: 263.049 Executing VM operation: RevokeBias
Event: 263.050 Executing VM operation: RevokeBias done
Event: 263.050 Executing VM operation: RevokeBias
Event: 263.050 Executing VM operation: RevokeBias done
Event: 263.077 Executing VM operation: RevokeBias
Event: 263.077 Executing VM operation: RevokeBias done
Event: 263.082 Executing VM operation: RevokeBias
Event: 263.083 Executing VM operation: RevokeBias done
Event: 263.083 Executing VM operation: RevokeBias
Event: 263.083 Executing VM operation: RevokeBias done
Event: 263.129 Executing VM operation: CGC_Operation
Event: 263.140 Executing VM operation: CGC_Operation done
Event: 263.147 Thread 0x000002a0a1ecf800 Thread added: 0x000002a0a1ecf800


Dynamic libraries:
0x00007ff797120000 - 0x00007ff79712d000 	C:\Program Files\Microsoft\jdk-11.0.18.10-hotspot\bin\java.exe
0x00007ff86e1f0000 - 0x00007ff86e404000 	C:\Windows\SYSTEM32\ntdll.dll
0x00007ff86ced0000 - 0x00007ff86cf92000 	C:\Windows\System32\KERNEL32.DLL
0x00007ff86bba0000 - 0x00007ff86bf43000 	C:\Windows\System32\KERNELBASE.dll
0x00007ff86b8c0000 - 0x00007ff86b9d1000 	C:\Windows\System32\ucrtbase.dll
0x00007ff85c4e0000 - 0x00007ff85c4f5000 	C:\Program Files\Microsoft\jdk-11.0.18.10-hotspot\bin\VCRUNTIME140.dll
0x00007ff85c4b0000 - 0x00007ff85c4c7000 	C:\Program Files\Microsoft\jdk-11.0.18.10-hotspot\bin\jli.dll
0x00007ff86cd20000 - 0x00007ff86cecb000 	C:\Windows\System32\USER32.dll
0x00007ff86b9e0000 - 0x00007ff86ba06000 	C:\Windows\System32\win32u.dll
0x00007ff86d240000 - 0x00007ff86d269000 	C:\Windows\System32\GDI32.dll
0x00007ff86ba10000 - 0x00007ff86bb28000 	C:\Windows\System32\gdi32full.dll
0x00007ff86bf50000 - 0x00007ff86bfea000 	C:\Windows\System32\msvcp_win.dll
0x00007ff8570c0000 - 0x00007ff85734e000 	C:\Windows\WinSxS\amd64_microsoft.windows.common-controls_6595b64144ccf1df_6.0.22621.1635_none_270f70857386168e\COMCTL32.dll
0x00007ff86d050000 - 0x00007ff86d0f7000 	C:\Windows\System32\msvcrt.dll
0x00007ff86cce0000 - 0x00007ff86cd11000 	C:\Windows\System32\IMM32.DLL
0x00007ff848690000 - 0x00007ff84872b000 	C:\Program Files\Microsoft\jdk-11.0.18.10-hotspot\bin\msvcp140.dll
0x00007ff804e10000 - 0x00007ff8059a2000 	C:\Program Files\Microsoft\jdk-11.0.18.10-hotspot\bin\server\jvm.dll
0x00007ff86cfa0000 - 0x00007ff86d04e000 	C:\Windows\System32\ADVAPI32.dll
0x00007ff86d270000 - 0x00007ff86d314000 	C:\Windows\System32\sechost.dll
0x00007ff86c4f0000 - 0x00007ff86c607000 	C:\Windows\System32\RPCRT4.dll
0x00007ff86c3e0000 - 0x00007ff86c3e8000 	C:\Windows\System32\PSAPI.DLL
0x00007ff85c7b0000 - 0x00007ff85c7b9000 	C:\Windows\SYSTEM32\WSOCK32.dll
0x00007ff86c8a0000 - 0x00007ff86c911000 	C:\Windows\System32\WS2_32.dll
0x00007ff864820000 - 0x00007ff864854000 	C:\Windows\SYSTEM32\WINMM.dll
0x00007ff863ca0000 - 0x00007ff863caa000 	C:\Windows\SYSTEM32\VERSION.dll
0x00007ff86a660000 - 0x00007ff86a678000 	C:\Windows\SYSTEM32\kernel.appcore.dll
0x00007ff85c5a0000 - 0x00007ff85c5b0000 	C:\Program Files\Microsoft\jdk-11.0.18.10-hotspot\bin\verify.dll
0x00007ff869100000 - 0x00007ff86932e000 	C:\Windows\SYSTEM32\DBGHELP.DLL
0x00007ff86c050000 - 0x00007ff86c3d9000 	C:\Windows\System32\combase.dll
0x00007ff86e0c0000 - 0x00007ff86e197000 	C:\Windows\System32\OLEAUT32.dll
0x00007ff8504f0000 - 0x00007ff850522000 	C:\Windows\SYSTEM32\dbgcore.DLL
0x00007ff86b780000 - 0x00007ff86b7fb000 	C:\Windows\System32\bcryptPrimitives.dll
0x00007ff85c450000 - 0x00007ff85c478000 	C:\Program Files\Microsoft\jdk-11.0.18.10-hotspot\bin\java.dll
0x00007ff85baf0000 - 0x00007ff85bafa000 	C:\Program Files\Microsoft\jdk-11.0.18.10-hotspot\bin\jimage.dll
0x00007ff85b9c0000 - 0x00007ff85b9d8000 	C:\Program Files\Microsoft\jdk-11.0.18.10-hotspot\bin\zip.dll
0x00007ff86d8c0000 - 0x00007ff86e0ba000 	C:\Windows\System32\SHELL32.dll
0x00007ff869610000 - 0x00007ff869ede000 	C:\Windows\SYSTEM32\windows.storage.dll
0x00007ff8694d0000 - 0x00007ff86960e000 	C:\Windows\SYSTEM32\wintypes.dll
0x00007ff86ca00000 - 0x00007ff86caf1000 	C:\Windows\System32\SHCORE.dll
0x00007ff86d190000 - 0x00007ff86d1ee000 	C:\Windows\System32\shlwapi.dll
0x00007ff86b540000 - 0x00007ff86b561000 	C:\Windows\SYSTEM32\profapi.dll
0x00007ff85b940000 - 0x00007ff85b959000 	C:\Program Files\Microsoft\jdk-11.0.18.10-hotspot\bin\net.dll
0x00007ff863cf0000 - 0x00007ff863e27000 	C:\Windows\SYSTEM32\WINHTTP.dll
0x00007ff86aad0000 - 0x00007ff86ab39000 	C:\Windows\system32\mswsock.dll
0x00007ff8594d0000 - 0x00007ff8594e3000 	C:\Program Files\Microsoft\jdk-11.0.18.10-hotspot\bin\nio.dll
0x00007ff857f50000 - 0x00007ff857f77000 	C:\Users\roner\.gradle\native\e1d6ef7f7dcc3fd88c89a11ec53ec762bb8ba0a96d01ffa2cd45eb1d1d8dd5c5\windows-amd64\native-platform.dll
0x00007ff835350000 - 0x00007ff835494000 	C:\Users\roner\.gradle\native\0d407fdbe67a94daf76414ababcb853783967236a71b16ec16e742cd7a986fd3\windows-amd64\native-platform-file-events.dll
0x00007ff85b930000 - 0x00007ff85b939000 	C:\Program Files\Microsoft\jdk-11.0.18.10-hotspot\bin\management.dll
0x00007ff858610000 - 0x00007ff85861b000 	C:\Program Files\Microsoft\jdk-11.0.18.10-hotspot\bin\management_ext.dll
0x00007ff86ad30000 - 0x00007ff86ad4b000 	C:\Windows\SYSTEM32\CRYPTSP.dll
0x00007ff86a5d0000 - 0x00007ff86a605000 	C:\Windows\system32\rsaenh.dll
0x00007ff86abd0000 - 0x00007ff86abf8000 	C:\Windows\SYSTEM32\USERENV.dll
0x00007ff86aef0000 - 0x00007ff86af18000 	C:\Windows\SYSTEM32\bcrypt.dll
0x00007ff86ad50000 - 0x00007ff86ad5c000 	C:\Windows\SYSTEM32\CRYPTBASE.dll
0x00007ff86a140000 - 0x00007ff86a16d000 	C:\Windows\SYSTEM32\IPHLPAPI.DLL
0x00007ff86c890000 - 0x00007ff86c899000 	C:\Windows\System32\NSI.dll
0x00007ff863cd0000 - 0x00007ff863ce9000 	C:\Windows\SYSTEM32\dhcpcsvc6.DLL
0x00007ff863cb0000 - 0x00007ff863ccf000 	C:\Windows\SYSTEM32\dhcpcsvc.DLL
0x00007ff86a1b0000 - 0x00007ff86a2a3000 	C:\Windows\SYSTEM32\DNSAPI.dll

dbghelp: loaded successfully - version: 4.0.5 - missing functions: none
symbol engine: initialized successfully - sym options: 0x614 - pdb path: .;C:\Program Files\Microsoft\jdk-11.0.18.10-hotspot\bin;C:\Windows\SYSTEM32;C:\Windows\WinSxS\amd64_microsoft.windows.common-controls_6595b64144ccf1df_6.0.22621.1635_none_270f70857386168e;C:\Program Files\Microsoft\jdk-11.0.18.10-hotspot\bin\server;C:\Users\roner\.gradle\native\e1d6ef7f7dcc3fd88c89a11ec53ec762bb8ba0a96d01ffa2cd45eb1d1d8dd5c5\windows-amd64;C:\Users\roner\.gradle\native\0d407fdbe67a94daf76414ababcb853783967236a71b16ec16e742cd7a986fd3\windows-amd64

VM Arguments:
jvm_args: -XX:MaxMetaspaceSize=512m --add-opens=java.base/java.util=ALL-UNNAMED --add-opens=java.base/java.lang=ALL-UNNAMED --add-opens=java.base/java.lang.invoke=ALL-UNNAMED --add-opens=java.base/java.util=ALL-UNNAMED --add-opens=java.prefs/java.util.prefs=ALL-UNNAMED --add-opens=java.prefs/java.util.prefs=ALL-UNNAMED --add-opens=java.base/java.nio.charset=ALL-UNNAMED --add-opens=java.base/java.net=ALL-UNNAMED --add-opens=java.base/java.util.concurrent.atomic=ALL-UNNAMED -Xmx2048m -Dfile.encoding=windows-1252 -Duser.country=BR -Duser.language=pt -Duser.variant 
java_command: org.gradle.launcher.daemon.bootstrap.GradleDaemon 7.5.1
java_class_path (initial): C:\Users\roner\.gradle\wrapper\dists\gradle-7.5.1-all\1ehga6e77gqps5uk2kc5kf1vc\gradle-7.5.1\lib\gradle-launcher-7.5.1.jar
Launcher Type: SUN_STANDARD

[Global flags]
     intx CICompilerCount                          = 3                                         {product} {ergonomic}
   size_t CompressedClassSpaceSize                 = 528482304                                 {product} {ergonomic}
     uint ConcGCThreads                            = 1                                         {product} {ergonomic}
     uint G1ConcRefinementThreads                  = 4                                         {product} {ergonomic}
   size_t G1HeapRegionSize                         = 1048576                                   {product} {ergonomic}
    uintx GCDrainStackTargetSize                   = 64                                        {product} {ergonomic}
   size_t InitialHeapSize                          = 130023424                                 {product} {ergonomic}
   size_t MarkStackSize                            = 4194304                                   {product} {ergonomic}
   size_t MaxHeapSize                              = 2147483648                                {product} {command line}
   size_t MaxMetaspaceSize                         = 536870912                                 {product} {command line}
   size_t MaxNewSize                               = 1287651328                                {product} {ergonomic}
   size_t MinHeapDeltaBytes                        = 1048576                                   {product} {ergonomic}
    uintx NonNMethodCodeHeapSize                   = 5830732                                {pd product} {ergonomic}
    uintx NonProfiledCodeHeapSize                  = 122913754                              {pd product} {ergonomic}
    uintx ProfiledCodeHeapSize                     = 122913754                              {pd product} {ergonomic}
    uintx ReservedCodeCacheSize                    = 251658240                              {pd product} {ergonomic}
     bool SegmentedCodeCache                       = true                                      {product} {ergonomic}
     bool UseCompressedClassPointers               = true                                 {lp64_product} {ergonomic}
     bool UseCompressedOops                        = true                                 {lp64_product} {ergonomic}
     bool UseG1GC                                  = true                                      {product} {ergonomic}
     bool UseLargePagesIndividualAllocation        = false                                  {pd product} {ergonomic}

Logging:
Log output configuration:
 #0: stdout all=warning uptime,level,tags
 #1: stderr all=off uptime,level,tags

Environment Variables:
JAVA_HOME=C:\Program Files\Microsoft\jdk-11.0.18.10-hotspot\
CLASSPATH=C:\temp\React Native\VENDAS-ONLINE\android\\gradle\wrapper\gradle-wrapper.jar
PATH=C:\temp\React Native\VENDAS-ONLINE\android\node_modules\.bin;C:\temp\React Native\VENDAS-ONLINE\node_modules\.bin;C:\temp\React Native\node_modules\.bin;C:\temp\node_modules\.bin;C:\node_modules\.bin;C:\Program Files\nodejs;C:\temp\React Native\VENDAS-ONLINE\node_modules\.bin;C:\temp\React Native\VENDAS-ONLINE\node_modules\.bin;C:\temp\React Native\node_modules\.bin;C:\temp\node_modules\.bin;C:\node_modules\.bin;C:\Program Files\nodejs\node_modules\npm\node_modules\@npmcli\run-script\lib\node-gyp-bin;C:\temp\React Native\VENDAS-ONLINE\node_modules\.bin;C:\temp\React Native\node_modules\.bin;C:\temp\node_modules\.bin;C:\node_modules\.bin;C:\Program Files\nodejs;C:\temp\React Native\VENDAS-ONLINE\node_modules\react-native\scripts\node_modules\.bin;C:\temp\React Native\VENDAS-ONLINE\node_modules\react-native\node_modules\.bin;C:\temp\React Native\VENDAS-ONLINE\node_modules\node_modules\.bin;C:\temp\React Native\VENDAS-ONLINE\node_modules\.bin;C:\temp\React Native\node_modules\.bin;C:\temp\node_modules\.bin;C:\node_modules\.bin;C:\Program Files\nodejs;C:\temp\React Native\VENDAS-ONLINE\node_modules\.bin;C:\temp\React Native\node_modules\.bin;C:\temp\node_modules\.bin;C:\node_modules\.bin;C:\Program Files\nodejs\node_modules\npm\node_modules\@npmcli\run-script\lib\node-gyp-bin;C:\Program Files\Microsoft\jdk-11.0.18.10-hotspot\bin;C:\Program Files\Zulu\zulu-17\bin\;C:\Windows\system32;C:\Windows;C:\Windows\System32\Wbem;C:\Windows\System32\WindowsPowerShell\v1.0\;C:\Windows\System32\OpenSSH\;C:\Program Files\nodejs\;C:\ProgramData\chocolatey\bin;C:\Program Files\Git\cmd;C:\Users\roner\AppData\Local\Microsoft\WindowsApps;C:\Users\roner\AppData\Local\Programs\Microsoft VS Code\bin;C:\Users\roner\AppData\Roaming\npm;C:\Program Files\Android\platform-tools;
USERNAME=roner
LANG=en_US.UTF-8
OS=Windows_NT
PROCESSOR_IDENTIFIER=Intel64 Family 6 Model 126 Stepping 5, GenuineIntel
TMP=C:\Users\roner\AppData\Local\Temp
TEMP=C:\Users\roner\AppData\Local\Temp



---------------  S Y S T E M  ---------------

OS: Windows 11 , 64 bit Build 22621 (10.0.22621.1635)
OS uptime: 5 days 16:32 hours

CPU:total 4 (initial active 4) (2 cores per cpu, 2 threads per core) family 6 model 126 stepping 5 microcode 0xa0, cmov, cx8, fxsr, mmx, sse, sse2, sse3, ssse3, sse4.1, sse4.2, popcnt, avx, avx2, aes, clmul, erms, 3dnowpref, lzcnt, ht, tsc, tscinvbit, bmi1, bmi2, adx, evex, sha, fma

Memory: 4k page, system-wide physical 7930M (935M free)
TotalPageFile size 11770M (AvailPageFile size 3009M)
current process WorkingSet (physical memory assigned to process): 395M, peak: 468M
current process commit charge ("private bytes"): 434M, peak: 507M

vm_info: OpenJDK 64-Bit Server VM (11.0.18+10-LTS) for windows-amd64 JRE (11.0.18+10-LTS), built on Jan 18 2023 15:56:47 by "MicrosoftCorporation" with MS VC++ 15.9 (VS2017)

END.
